\BOOKMARK [0][-]{chapter.1}{Antecedentes}{}% 1
\BOOKMARK [1][-]{section.1.1}{Introducci\363n}{chapter.1}% 2
\BOOKMARK [1][-]{section.1.2}{Descripci\363n del problema}{chapter.1}% 3
\BOOKMARK [1][-]{section.1.3}{Soluci\363n propuesta}{chapter.1}% 4
\BOOKMARK [1][-]{section.1.4}{Estado del arte}{chapter.1}% 5
\BOOKMARK [1][-]{section.1.5}{Justificaci\363n}{chapter.1}% 6
\BOOKMARK [0][-]{chapter.2}{Marco Te\363rico}{}% 7
\BOOKMARK [1][-]{section.2.1}{Miner\355a de texto}{chapter.2}% 8
\BOOKMARK [1][-]{section.2.2}{Lenguaje natural}{chapter.2}% 9
\BOOKMARK [1][-]{section.2.3}{Procesamiento del lenguaje natural}{chapter.2}% 10
\BOOKMARK [1][-]{section.2.4}{An\341lisis morfol\363gico}{chapter.2}% 11
\BOOKMARK [1][-]{section.2.5}{Stemming}{chapter.2}% 12
\BOOKMARK [1][-]{section.2.6}{Lematizaci\363n}{chapter.2}% 13
\BOOKMARK [1][-]{section.2.7}{Stopwords}{chapter.2}% 14
\BOOKMARK [0][-]{chapter.3}{Especificaciones del proyecto}{}% 15
\BOOKMARK [1][-]{section.3.1}{Objetivo}{chapter.3}% 16
\BOOKMARK [2][-]{subsection.3.1.1}{Objetivo general}{section.3.1}% 17
\BOOKMARK [2][-]{subsection.3.1.2}{Objetivos espec\355ficos}{section.3.1}% 18
\BOOKMARK [1][-]{section.3.2}{Metodolog\355a}{chapter.3}% 19
\BOOKMARK [1][-]{section.3.3}{Descripci\363n de prototipos}{chapter.3}% 20
\BOOKMARK [1][-]{section.3.4}{Arquitectura del sistema}{chapter.3}% 21
