This is pdfTeX, Version 3.14159265-2.6-1.40.16 (MiKTeX 2.9 64-bit) (preloaded format=pdflatex 2016.2.9)  10 FEB 2016 16:10
entering extended mode
**./tt2013b017.tex
(tt2013b017.tex
LaTeX2e <2015/10/01> patch level 2
Babel <3.9o> and hyphenation patterns for 70 language(s) loaded.
("C:\Users\Carlos\AppData\Local\Programs\MiKTeX 2.9\tex\latex\base\book.cls"
Document Class: book 2014/09/29 v1.4h Standard LaTeX document class
("C:\Users\Carlos\AppData\Local\Programs\MiKTeX 2.9\tex\latex\base\bk10.clo"
File: bk10.clo 2014/09/29 v1.4h Standard LaTeX file (size option)
)
\c@part=\count79
\c@chapter=\count80
\c@section=\count81
\c@subsection=\count82
\c@subsubsection=\count83
\c@paragraph=\count84
\c@subparagraph=\count85
\c@figure=\count86
\c@table=\count87
\abovecaptionskip=\skip41
\belowcaptionskip=\skip42
\bibindent=\dimen102
)
(cdtBook.sty
Package: cdtBook 2010/05/30, v1.0 CDT-ESCOM-IPN Plantilla para reportes de la C
oordinación

("C:\Users\Carlos\AppData\Local\Programs\MiKTeX 2.9\tex\latex\base\inputenc.sty
"
Package: inputenc 2015/03/17 v1.2c Input encoding file
\inpenc@prehook=\toks14
\inpenc@posthook=\toks15
 ("C:\Users\Carlos\AppData\Local\Programs\MiKTeX 2.9\tex\latex\base\utf8.def"
File: utf8.def 2015/09/07 v1.1p UTF-8 support for inputenc
Now handling font encoding OML ...
... no UTF-8 mapping file for font encoding OML
Now handling font encoding T1 ...
... processing UTF-8 mapping file for font encoding T1

("C:\Users\Carlos\AppData\Local\Programs\MiKTeX 2.9\tex\latex\base\t1enc.dfu"
File: t1enc.dfu 2015/09/07 v1.1p UTF-8 support for inputenc
   defining Unicode char U+00A0 (decimal 160)
   defining Unicode char U+00A1 (decimal 161)
   defining Unicode char U+00A3 (decimal 163)
   defining Unicode char U+00AB (decimal 171)
   defining Unicode char U+00AD (decimal 173)
   defining Unicode char U+00BB (decimal 187)
   defining Unicode char U+00BF (decimal 191)
   defining Unicode char U+00C0 (decimal 192)
   defining Unicode char U+00C1 (decimal 193)
   defining Unicode char U+00C2 (decimal 194)
   defining Unicode char U+00C3 (decimal 195)
   defining Unicode char U+00C4 (decimal 196)
   defining Unicode char U+00C5 (decimal 197)
   defining Unicode char U+00C6 (decimal 198)
   defining Unicode char U+00C7 (decimal 199)
   defining Unicode char U+00C8 (decimal 200)
   defining Unicode char U+00C9 (decimal 201)
   defining Unicode char U+00CA (decimal 202)
   defining Unicode char U+00CB (decimal 203)
   defining Unicode char U+00CC (decimal 204)
   defining Unicode char U+00CD (decimal 205)
   defining Unicode char U+00CE (decimal 206)
   defining Unicode char U+00CF (decimal 207)
   defining Unicode char U+00D0 (decimal 208)
   defining Unicode char U+00D1 (decimal 209)
   defining Unicode char U+00D2 (decimal 210)
   defining Unicode char U+00D3 (decimal 211)
   defining Unicode char U+00D4 (decimal 212)
   defining Unicode char U+00D5 (decimal 213)
   defining Unicode char U+00D6 (decimal 214)
   defining Unicode char U+00D8 (decimal 216)
   defining Unicode char U+00D9 (decimal 217)
   defining Unicode char U+00DA (decimal 218)
   defining Unicode char U+00DB (decimal 219)
   defining Unicode char U+00DC (decimal 220)
   defining Unicode char U+00DD (decimal 221)
   defining Unicode char U+00DE (decimal 222)
   defining Unicode char U+00DF (decimal 223)
   defining Unicode char U+00E0 (decimal 224)
   defining Unicode char U+00E1 (decimal 225)
   defining Unicode char U+00E2 (decimal 226)
   defining Unicode char U+00E3 (decimal 227)
   defining Unicode char U+00E4 (decimal 228)
   defining Unicode char U+00E5 (decimal 229)
   defining Unicode char U+00E6 (decimal 230)
   defining Unicode char U+00E7 (decimal 231)
   defining Unicode char U+00E8 (decimal 232)
   defining Unicode char U+00E9 (decimal 233)
   defining Unicode char U+00EA (decimal 234)
   defining Unicode char U+00EB (decimal 235)
   defining Unicode char U+00EC (decimal 236)
   defining Unicode char U+00ED (decimal 237)
   defining Unicode char U+00EE (decimal 238)
   defining Unicode char U+00EF (decimal 239)
   defining Unicode char U+00F0 (decimal 240)
   defining Unicode char U+00F1 (decimal 241)
   defining Unicode char U+00F2 (decimal 242)
   defining Unicode char U+00F3 (decimal 243)
   defining Unicode char U+00F4 (decimal 244)
   defining Unicode char U+00F5 (decimal 245)
   defining Unicode char U+00F6 (decimal 246)
   defining Unicode char U+00F8 (decimal 248)
   defining Unicode char U+00F9 (decimal 249)
   defining Unicode char U+00FA (decimal 250)
   defining Unicode char U+00FB (decimal 251)
   defining Unicode char U+00FC (decimal 252)
   defining Unicode char U+00FD (decimal 253)
   defining Unicode char U+00FE (decimal 254)
   defining Unicode char U+00FF (decimal 255)
   defining Unicode char U+0102 (decimal 258)
   defining Unicode char U+0103 (decimal 259)
   defining Unicode char U+0104 (decimal 260)
   defining Unicode char U+0105 (decimal 261)
   defining Unicode char U+0106 (decimal 262)
   defining Unicode char U+0107 (decimal 263)
   defining Unicode char U+010C (decimal 268)
   defining Unicode char U+010D (decimal 269)
   defining Unicode char U+010E (decimal 270)
   defining Unicode char U+010F (decimal 271)
   defining Unicode char U+0110 (decimal 272)
   defining Unicode char U+0111 (decimal 273)
   defining Unicode char U+0118 (decimal 280)
   defining Unicode char U+0119 (decimal 281)
   defining Unicode char U+011A (decimal 282)
   defining Unicode char U+011B (decimal 283)
   defining Unicode char U+011E (decimal 286)
   defining Unicode char U+011F (decimal 287)
   defining Unicode char U+0130 (decimal 304)
   defining Unicode char U+0131 (decimal 305)
   defining Unicode char U+0132 (decimal 306)
   defining Unicode char U+0133 (decimal 307)
   defining Unicode char U+0139 (decimal 313)
   defining Unicode char U+013A (decimal 314)
   defining Unicode char U+013D (decimal 317)
   defining Unicode char U+013E (decimal 318)
   defining Unicode char U+0141 (decimal 321)
   defining Unicode char U+0142 (decimal 322)
   defining Unicode char U+0143 (decimal 323)
   defining Unicode char U+0144 (decimal 324)
   defining Unicode char U+0147 (decimal 327)
   defining Unicode char U+0148 (decimal 328)
   defining Unicode char U+014A (decimal 330)
   defining Unicode char U+014B (decimal 331)
   defining Unicode char U+0150 (decimal 336)
   defining Unicode char U+0151 (decimal 337)
   defining Unicode char U+0152 (decimal 338)
   defining Unicode char U+0153 (decimal 339)
   defining Unicode char U+0154 (decimal 340)
   defining Unicode char U+0155 (decimal 341)
   defining Unicode char U+0158 (decimal 344)
   defining Unicode char U+0159 (decimal 345)
   defining Unicode char U+015A (decimal 346)
   defining Unicode char U+015B (decimal 347)
   defining Unicode char U+015E (decimal 350)
   defining Unicode char U+015F (decimal 351)
   defining Unicode char U+0160 (decimal 352)
   defining Unicode char U+0161 (decimal 353)
   defining Unicode char U+0162 (decimal 354)
   defining Unicode char U+0163 (decimal 355)
   defining Unicode char U+0164 (decimal 356)
   defining Unicode char U+0165 (decimal 357)
   defining Unicode char U+016E (decimal 366)
   defining Unicode char U+016F (decimal 367)
   defining Unicode char U+0170 (decimal 368)
   defining Unicode char U+0171 (decimal 369)
   defining Unicode char U+0174 (decimal 372)
   defining Unicode char U+0175 (decimal 373)
   defining Unicode char U+0176 (decimal 374)
   defining Unicode char U+0177 (decimal 375)
   defining Unicode char U+0178 (decimal 376)
   defining Unicode char U+0179 (decimal 377)
   defining Unicode char U+017A (decimal 378)
   defining Unicode char U+017B (decimal 379)
   defining Unicode char U+017C (decimal 380)
   defining Unicode char U+017D (decimal 381)
   defining Unicode char U+017E (decimal 382)
   defining Unicode char U+0218 (decimal 536)
   defining Unicode char U+0219 (decimal 537)
   defining Unicode char U+021A (decimal 538)
   defining Unicode char U+021B (decimal 539)
   defining Unicode char U+200C (decimal 8204)
   defining Unicode char U+2013 (decimal 8211)
   defining Unicode char U+2014 (decimal 8212)
   defining Unicode char U+2018 (decimal 8216)
   defining Unicode char U+2019 (decimal 8217)
   defining Unicode char U+201A (decimal 8218)
   defining Unicode char U+201C (decimal 8220)
   defining Unicode char U+201D (decimal 8221)
   defining Unicode char U+201E (decimal 8222)
   defining Unicode char U+2030 (decimal 8240)
   defining Unicode char U+2031 (decimal 8241)
   defining Unicode char U+2039 (decimal 8249)
   defining Unicode char U+203A (decimal 8250)
   defining Unicode char U+2423 (decimal 9251)
)
Now handling font encoding OT1 ...
... processing UTF-8 mapping file for font encoding OT1

("C:\Users\Carlos\AppData\Local\Programs\MiKTeX 2.9\tex\latex\base\ot1enc.dfu"
File: ot1enc.dfu 2015/09/07 v1.1p UTF-8 support for inputenc
   defining Unicode char U+00A0 (decimal 160)
   defining Unicode char U+00A1 (decimal 161)
   defining Unicode char U+00A3 (decimal 163)
   defining Unicode char U+00AD (decimal 173)
   defining Unicode char U+00B8 (decimal 184)
   defining Unicode char U+00BF (decimal 191)
   defining Unicode char U+00C5 (decimal 197)
   defining Unicode char U+00C6 (decimal 198)
   defining Unicode char U+00D8 (decimal 216)
   defining Unicode char U+00DF (decimal 223)
   defining Unicode char U+00E6 (decimal 230)
   defining Unicode char U+00EC (decimal 236)
   defining Unicode char U+00ED (decimal 237)
   defining Unicode char U+00EE (decimal 238)
   defining Unicode char U+00EF (decimal 239)
   defining Unicode char U+00F8 (decimal 248)
   defining Unicode char U+0131 (decimal 305)
   defining Unicode char U+0141 (decimal 321)
   defining Unicode char U+0142 (decimal 322)
   defining Unicode char U+0152 (decimal 338)
   defining Unicode char U+0153 (decimal 339)
   defining Unicode char U+0174 (decimal 372)
   defining Unicode char U+0175 (decimal 373)
   defining Unicode char U+0176 (decimal 374)
   defining Unicode char U+0177 (decimal 375)
   defining Unicode char U+0218 (decimal 536)
   defining Unicode char U+0219 (decimal 537)
   defining Unicode char U+021A (decimal 538)
   defining Unicode char U+021B (decimal 539)
   defining Unicode char U+2013 (decimal 8211)
   defining Unicode char U+2014 (decimal 8212)
   defining Unicode char U+2018 (decimal 8216)
   defining Unicode char U+2019 (decimal 8217)
   defining Unicode char U+201C (decimal 8220)
   defining Unicode char U+201D (decimal 8221)
)
Now handling font encoding OMS ...
... processing UTF-8 mapping file for font encoding OMS
("C:\Users\Carlos\AppData\Local\Programs\MiKTeX 2.9\tex\latex\base\omsenc.dfu"
File: omsenc.dfu 2015/09/07 v1.1p UTF-8 support for inputenc
   defining Unicode char U+00A7 (decimal 167)
   defining Unicode char U+00B6 (decimal 182)
   defining Unicode char U+00B7 (decimal 183)
   defining Unicode char U+2020 (decimal 8224)
   defining Unicode char U+2021 (decimal 8225)
   defining Unicode char U+2022 (decimal 8226)
)
Now handling font encoding OMX ...
... no UTF-8 mapping file for font encoding OMX
Now handling font encoding U ...
... no UTF-8 mapping file for font encoding U
   defining Unicode char U+00A9 (decimal 169)
   defining Unicode char U+00AA (decimal 170)
   defining Unicode char U+00AE (decimal 174)
   defining Unicode char U+00BA (decimal 186)
   defining Unicode char U+02C6 (decimal 710)
   defining Unicode char U+02DC (decimal 732)
   defining Unicode char U+200C (decimal 8204)
   defining Unicode char U+2026 (decimal 8230)
   defining Unicode char U+2122 (decimal 8482)
   defining Unicode char U+2423 (decimal 9251)
))
("C:\Users\Carlos\AppData\Local\Programs\MiKTeX 2.9\tex\generic\babel\babel.sty
"
Package: babel 2016/02/01 3.9o The Babel package

*************************************
* Local config file bblopts.cfg used
*

("C:\Users\Carlos\AppData\Local\Programs\MiKTeX 2.9\tex\latex\00miktex\bblopts.
cfg"
File: bblopts.cfg 2006/07/31 v1.0 MiKTeX 'babel' configuration
)
("C:\Users\Carlos\AppData\Local\Programs\MiKTeX 2.9\tex\latex\babel-spanish\spa
nish.ldf"
Language: spanish.ldf 2016/01/15 v5.0o Spanish support from the babel system

("C:\Users\Carlos\AppData\Local\Programs\MiKTeX 2.9\tex\generic\babel\babel.def
"
File: babel.def 2016/02/01 3.9o Babel common definitions
\babel@savecnt=\count88
\U@D=\dimen103
)
\es@quottoks=\toks16
\es@quotdepth=\count89
Package babel Info: Making " an active character on input line 533.
Package babel Info: Making . an active character on input line 634.
Package babel Info: Making < an active character on input line 679.
Package babel Info: Making > an active character on input line 679.
))
("C:\Users\Carlos\AppData\Local\Programs\MiKTeX 2.9\tex\latex\cmbright\cmbright
.sty"
Package: cmbright 2005/04/13 v8.1 (WaS)
LaTeX Font Info:    Redeclaring symbol font `operators' on input line 29.
LaTeX Font Info:    Overwriting symbol font `operators' in version `normal'
(Font)                  OT1/cmr/m/n --> OT1/cmbr/m/n on input line 29.
LaTeX Font Info:    Overwriting symbol font `operators' in version `bold'
(Font)                  OT1/cmr/bx/n --> OT1/cmbr/m/n on input line 29.
LaTeX Font Info:    Redeclaring symbol font `letters' on input line 30.
LaTeX Font Info:    Overwriting symbol font `letters' in version `normal'
(Font)                  OML/cmm/m/it --> OML/cmbrm/m/it on input line 30.
LaTeX Font Info:    Overwriting symbol font `letters' in version `bold'
(Font)                  OML/cmm/b/it --> OML/cmbrm/m/it on input line 30.
LaTeX Font Info:    Overwriting symbol font `letters' in version `bold'
(Font)                  OML/cmbrm/m/it --> OML/cmbrm/b/it on input line 31.
LaTeX Font Info:    Redeclaring symbol font `symbols' on input line 32.
LaTeX Font Info:    Overwriting symbol font `symbols' in version `normal'
(Font)                  OMS/cmsy/m/n --> OMS/cmbrs/m/n on input line 32.
LaTeX Font Info:    Overwriting symbol font `symbols' in version `bold'
(Font)                  OMS/cmsy/b/n --> OMS/cmbrs/m/n on input line 32.
LaTeX Font Info:    Redeclaring math alphabet \mathit on input line 33.
LaTeX Font Info:    Overwriting math alphabet `\mathit' in version `normal'
(Font)                  OT1/cmr/m/it --> OT1/cmbr/m/sl on input line 33.
LaTeX Font Info:    Overwriting math alphabet `\mathit' in version `bold'
(Font)                  OT1/cmr/bx/it --> OT1/cmbr/m/sl on input line 33.
LaTeX Font Info:    Redeclaring math alphabet \mathbf on input line 34.
LaTeX Font Info:    Overwriting math alphabet `\mathbf' in version `normal'
(Font)                  OT1/cmr/bx/n --> OT1/cmbr/bx/n on input line 34.
LaTeX Font Info:    Overwriting math alphabet `\mathbf' in version `bold'
(Font)                  OT1/cmr/bx/n --> OT1/cmbr/bx/n on input line 34.
LaTeX Font Info:    Redeclaring math alphabet \mathtt on input line 35.
LaTeX Font Info:    Overwriting math alphabet `\mathtt' in version `normal'
(Font)                  OT1/cmtt/m/n --> OT1/cmtl/m/n on input line 35.
LaTeX Font Info:    Overwriting math alphabet `\mathtt' in version `bold'
(Font)                  OT1/cmtt/m/n --> OT1/cmtl/m/n on input line 35.
LaTeX Font Info:    Redeclaring math symbol \alpha on input line 37.
LaTeX Font Info:    Redeclaring math symbol \beta on input line 38.
LaTeX Font Info:    Redeclaring math symbol \gamma on input line 39.
LaTeX Font Info:    Redeclaring math symbol \delta on input line 40.
LaTeX Font Info:    Redeclaring math symbol \epsilon on input line 41.
LaTeX Font Info:    Redeclaring math symbol \zeta on input line 42.
LaTeX Font Info:    Redeclaring math symbol \eta on input line 43.
LaTeX Font Info:    Redeclaring math symbol \theta on input line 44.
LaTeX Font Info:    Redeclaring math symbol \iota on input line 45.
LaTeX Font Info:    Redeclaring math symbol \kappa on input line 46.
LaTeX Font Info:    Redeclaring math symbol \lambda on input line 47.
LaTeX Font Info:    Redeclaring math symbol \mu on input line 48.
LaTeX Font Info:    Redeclaring math symbol \nu on input line 49.
LaTeX Font Info:    Redeclaring math symbol \xi on input line 50.
LaTeX Font Info:    Redeclaring math symbol \pi on input line 51.
LaTeX Font Info:    Redeclaring math symbol \rho on input line 52.
LaTeX Font Info:    Redeclaring math symbol \sigma on input line 53.
LaTeX Font Info:    Redeclaring math symbol \tau on input line 54.
LaTeX Font Info:    Redeclaring math symbol \upsilon on input line 55.
LaTeX Font Info:    Redeclaring math symbol \phi on input line 56.
LaTeX Font Info:    Redeclaring math symbol \chi on input line 57.
LaTeX Font Info:    Redeclaring math symbol \psi on input line 58.
LaTeX Font Info:    Redeclaring math symbol \omega on input line 59.
LaTeX Font Info:    Redeclaring math symbol \varepsilon on input line 60.
LaTeX Font Info:    Redeclaring math symbol \vartheta on input line 61.
LaTeX Font Info:    Redeclaring math symbol \varpi on input line 62.
LaTeX Font Info:    Redeclaring math symbol \varrho on input line 63.
LaTeX Font Info:    Redeclaring math symbol \varsigma on input line 64.
LaTeX Font Info:    Redeclaring math symbol \varphi on input line 65.
LaTeX Info: Redefining \LaTeX on input line 129.
LaTeX Info: Redefining \LaTeXe on input line 139.
LaTeX Font Info:    Try loading font information for OT1+cmbr on input line 144
.

("C:\Users\Carlos\AppData\Local\Programs\MiKTeX 2.9\tex\latex\cmbright\ot1cmbr.
fd"
File: ot1cmbr.fd 2005/04/13 v8.1 (WaS)
))
("C:\Users\Carlos\AppData\Local\Programs\MiKTeX 2.9\tex\latex\graphics\graphicx
.sty"
Package: graphicx 2014/10/28 v1.0g Enhanced LaTeX Graphics (DPC,SPQR)

("C:\Users\Carlos\AppData\Local\Programs\MiKTeX 2.9\tex\latex\graphics\keyval.s
ty"
Package: keyval 2014/10/28 v1.15 key=value parser (DPC)
\KV@toks@=\toks17
)
("C:\Users\Carlos\AppData\Local\Programs\MiKTeX 2.9\tex\latex\graphics\graphics
.sty"
Package: graphics 2016/01/03 v1.0q Standard LaTeX Graphics (DPC,SPQR)

("C:\Users\Carlos\AppData\Local\Programs\MiKTeX 2.9\tex\latex\graphics\trig.sty
"
Package: trig 2016/01/03 v1.10 sin cos tan (DPC)
)
("C:\Users\Carlos\AppData\Local\Programs\MiKTeX 2.9\tex\latex\00miktex\graphics
.cfg"
File: graphics.cfg 2007/01/18 v1.5 graphics configuration of teTeX/TeXLive
)
Package graphics Info: Driver file: pdftex.def on input line 95.

("C:\Users\Carlos\AppData\Local\Programs\MiKTeX 2.9\tex\latex\pdftex-def\pdftex
.def"
File: pdftex.def 2011/05/27 v0.06d Graphics/color for pdfTeX

("C:\Users\Carlos\AppData\Local\Programs\MiKTeX 2.9\tex\generic\oberdiek\infwar
err.sty"
Package: infwarerr 2010/04/08 v1.3 Providing info/warning/error messages (HO)
)
("C:\Users\Carlos\AppData\Local\Programs\MiKTeX 2.9\tex\generic\oberdiek\ltxcmd
s.sty"
Package: ltxcmds 2011/11/09 v1.22 LaTeX kernel commands for general use (HO)
)
\Gread@gobject=\count90
))
\Gin@req@height=\dimen104
\Gin@req@width=\dimen105
)
("C:\Users\Carlos\AppData\Local\Programs\MiKTeX 2.9\tex\latex\graphics\color.st
y"
Package: color 2016/01/03 v1.1b Standard LaTeX Color (DPC)

("C:\Users\Carlos\AppData\Local\Programs\MiKTeX 2.9\tex\latex\00miktex\color.cf
g"
File: color.cfg 2007/01/18 v1.5 color configuration of teTeX/TeXLive
)
Package color Info: Driver file: pdftex.def on input line 143.

("C:\Users\Carlos\AppData\Local\Programs\MiKTeX 2.9\tex\latex\graphics\dvipsnam
.def"
File: dvipsnam.def 2015/12/30 v3.0k Driver-dependent file (DPC,SPQR)
))
("C:\Users\Carlos\AppData\Local\Programs\MiKTeX 2.9\tex\latex\wallpaper\wallpap
er.sty"
Package: wallpaper 2005/01/18, v1.01 easy wallpaper formatting (MHFW)

("C:\Users\Carlos\AppData\Local\Programs\MiKTeX 2.9\tex\latex\base\ifthen.sty"
Package: ifthen 2014/09/29 v1.1c Standard LaTeX ifthen package (DPC)
) ("C:\Users\Carlos\AppData\Local\Programs\MiKTeX 2.9\tex\latex\tools\calc.sty"
Package: calc 2014/10/28 v4.3 Infix arithmetic (KKT,FJ)
\calc@Acount=\count91
\calc@Bcount=\count92
\calc@Adimen=\dimen106
\calc@Bdimen=\dimen107
\calc@Askip=\skip43
\calc@Bskip=\skip44
LaTeX Info: Redefining \setlength on input line 80.
LaTeX Info: Redefining \addtolength on input line 81.
\calc@Ccount=\count93
\calc@Cskip=\skip45
)
("C:\Users\Carlos\AppData\Local\Programs\MiKTeX 2.9\tex\latex\eso-pic\eso-pic.s
ty"
Package: eso-pic 2015/07/21 v2.0g eso-pic (RN)

("C:\Users\Carlos\AppData\Local\Programs\MiKTeX 2.9\tex\generic\oberdiek\atbegs
hi.sty"
Package: atbegshi 2011/10/05 v1.16 At begin shipout hook (HO)

("C:\Users\Carlos\AppData\Local\Programs\MiKTeX 2.9\tex\generic\oberdiek\ifpdf.
sty"
Package: ifpdf 2011/01/30 v2.3 Provides the ifpdf switch (HO)
Package ifpdf Info: pdfTeX in PDF mode is detected.
)))
\wpXoffset=\skip46
\wpYoffset=\skip47
\tileXoffset=\skip48
\tileYoffset=\skip49
\tilewidth=\skip50
\tileheight=\skip51
\tileX=\skip52
\tileY=\skip53
)
("C:\Users\Carlos\AppData\Local\Programs\MiKTeX 2.9\tex\latex\fancyhdr\fancyhdr
.sty"
\fancy@headwidth=\skip54
\f@ncyO@elh=\skip55
\f@ncyO@erh=\skip56
\f@ncyO@olh=\skip57
\f@ncyO@orh=\skip58
\f@ncyO@elf=\skip59
\f@ncyO@erf=\skip60
\f@ncyO@olf=\skip61
\f@ncyO@orf=\skip62
)
("C:\Users\Carlos\AppData\Local\Programs\MiKTeX 2.9\tex\latex\geometry\geometry
.sty"
Package: geometry 2010/09/12 v5.6 Page Geometry

("C:\Users\Carlos\AppData\Local\Programs\MiKTeX 2.9\tex\generic\oberdiek\ifvtex
.sty"
Package: ifvtex 2010/03/01 v1.5 Detect VTeX and its facilities (HO)
Package ifvtex Info: VTeX not detected.
)
("C:\Users\Carlos\AppData\Local\Programs\MiKTeX 2.9\tex\generic\ifxetex\ifxetex
.sty"
Package: ifxetex 2010/09/12 v0.6 Provides ifxetex conditional
)
\Gm@cnth=\count94
\Gm@cntv=\count95
\c@Gm@tempcnt=\count96
\Gm@bindingoffset=\dimen108
\Gm@wd@mp=\dimen109
\Gm@odd@mp=\dimen110
\Gm@even@mp=\dimen111
\Gm@layoutwidth=\dimen112
\Gm@layoutheight=\dimen113
\Gm@layouthoffset=\dimen114
\Gm@layoutvoffset=\dimen115
\Gm@dimlist=\toks18

("C:\Users\Carlos\AppData\Local\Programs\MiKTeX 2.9\tex\latex\geometry\geometry
.cfg"))
("C:\Users\Carlos\AppData\Local\Programs\MiKTeX 2.9\tex\latex\fncychap\fncychap
.sty"
Package: fncychap 2007/07/30 v1.34 LaTeX package (Revised chapters)
\RW=\skip63
\mylen=\skip64
\myhi=\skip65
\px=\skip66
\py=\skip67
\pyy=\skip68
\pxx=\skip69
)
("C:\Users\Carlos\AppData\Local\Programs\MiKTeX 2.9\tex\latex\marvosym\marvosym
.sty"
Package: marvosym 2011/07/20 v2.2 Martin Vogel's Symbols font definitions
)

Package Fancyhdr Warning: \fancyhead's `E' option without twoside option is use
less on input line 33.


Package Fancyhdr Warning: \fancyhead's `E' option without twoside option is use
less on input line 35.


Package Fancyhdr Warning: \fancyfoot's `E' option without twoside option is use
less on input line 40.

) (usecases.sty (requerimientos.sty
("C:\Users\Carlos\AppData\Local\Programs\MiKTeX 2.9\tex\latex\tools\longtable.s
ty"
Package: longtable 2014/10/28 v4.11 Multi-page Table package (DPC)
\LTleft=\skip70
\LTright=\skip71
\LTpre=\skip72
\LTpost=\skip73
\LTchunksize=\count97
\LTcapwidth=\dimen116
\LT@head=\box26
\LT@firsthead=\box27
\LT@foot=\box28
\LT@lastfoot=\box29
\LT@cols=\count98
\LT@rows=\count99
\c@LT@tables=\count100
\c@LT@chunks=\count101
\LT@p@ftn=\toks19
)
("C:\Users\Carlos\AppData\Local\Programs\MiKTeX 2.9\tex\latex\hyperref\hyperref
.sty"
Package: hyperref 2012/11/06 v6.83m Hypertext links for LaTeX

("C:\Users\Carlos\AppData\Local\Programs\MiKTeX 2.9\tex\generic\oberdiek\hobsub
-hyperref.sty"
Package: hobsub-hyperref 2012/04/25 v1.12 Bundle oberdiek, subset hyperref (HO)


("C:\Users\Carlos\AppData\Local\Programs\MiKTeX 2.9\tex\generic\oberdiek\hobsub
-generic.sty"
Package: hobsub-generic 2012/04/25 v1.12 Bundle oberdiek, subset generic (HO)
Package: hobsub 2012/04/25 v1.12 Construct package bundles (HO)
Package hobsub Info: Skipping package `infwarerr' (already loaded).
Package hobsub Info: Skipping package `ltxcmds' (already loaded).
Package: ifluatex 2010/03/01 v1.3 Provides the ifluatex switch (HO)
Package ifluatex Info: LuaTeX not detected.
Package hobsub Info: Skipping package `ifvtex' (already loaded).
Package: intcalc 2007/09/27 v1.1 Expandable calculations with integers (HO)
Package hobsub Info: Skipping package `ifpdf' (already loaded).
Package: etexcmds 2011/02/16 v1.5 Avoid name clashes with e-TeX commands (HO)
Package etexcmds Info: Could not find \expanded.
(etexcmds)             That can mean that you are not using pdfTeX 1.50 or
(etexcmds)             that some package has redefined \expanded.
(etexcmds)             In the latter case, load this package earlier.
Package: kvsetkeys 2012/04/25 v1.16 Key value parser (HO)
Package: kvdefinekeys 2011/04/07 v1.3 Define keys (HO)
Package: pdftexcmds 2011/11/29 v0.20 Utility functions of pdfTeX for LuaTeX (HO
)
Package pdftexcmds Info: LuaTeX not detected.
Package pdftexcmds Info: \pdf@primitive is available.
Package pdftexcmds Info: \pdf@ifprimitive is available.
Package pdftexcmds Info: \pdfdraftmode found.
Package: pdfescape 2011/11/25 v1.13 Implements pdfTeX's escape features (HO)
Package: bigintcalc 2012/04/08 v1.3 Expandable calculations on big integers (HO
)
Package: bitset 2011/01/30 v1.1 Handle bit-vector datatype (HO)
Package: uniquecounter 2011/01/30 v1.2 Provide unlimited unique counter (HO)
)
Package hobsub Info: Skipping package `hobsub' (already loaded).
Package: letltxmacro 2010/09/02 v1.4 Let assignment for LaTeX macros (HO)
Package: hopatch 2011/06/24 v1.1 Wrapper for package hooks (HO)
Package: xcolor-patch 2011/01/30 xcolor patch
Package: atveryend 2011/06/30 v1.8 Hooks at the very end of document (HO)
Package atveryend Info: \enddocument detected (standard20110627).
Package hobsub Info: Skipping package `atbegshi' (already loaded).
Package: refcount 2011/10/16 v3.4 Data extraction from label references (HO)
Package: hycolor 2011/01/30 v1.7 Color options for hyperref/bookmark (HO)
)
("C:\Users\Carlos\AppData\Local\Programs\MiKTeX 2.9\tex\latex\oberdiek\auxhook.
sty"
Package: auxhook 2011/03/04 v1.3 Hooks for auxiliary files (HO)
)
("C:\Users\Carlos\AppData\Local\Programs\MiKTeX 2.9\tex\latex\oberdiek\kvoption
s.sty"
Package: kvoptions 2011/06/30 v3.11 Key value format for package options (HO)
)
\@linkdim=\dimen117
\Hy@linkcounter=\count102
\Hy@pagecounter=\count103

("C:\Users\Carlos\AppData\Local\Programs\MiKTeX 2.9\tex\latex\hyperref\pd1enc.d
ef"
File: pd1enc.def 2012/11/06 v6.83m Hyperref: PDFDocEncoding definition (HO)
Now handling font encoding PD1 ...
... no UTF-8 mapping file for font encoding PD1
)
\Hy@SavedSpaceFactor=\count104

("C:\Users\Carlos\AppData\Local\Programs\MiKTeX 2.9\tex\latex\00miktex\hyperref
.cfg"
File: hyperref.cfg 2002/06/06 v1.2 hyperref configuration of TeXLive
)
Package hyperref Info: Option `bookmarks' set `true' on input line 4319.
Package hyperref Info: Option `colorlinks' set `true' on input line 4319.
Package hyperref Info: Hyper figures OFF on input line 4443.
Package hyperref Info: Link nesting OFF on input line 4448.
Package hyperref Info: Hyper index ON on input line 4451.
Package hyperref Info: Plain pages OFF on input line 4458.
Package hyperref Info: Backreferencing OFF on input line 4463.
Package hyperref Info: Implicit mode ON; LaTeX internals redefined.
Package hyperref Info: Bookmarks ON on input line 4688.
\c@Hy@tempcnt=\count105
 ("C:\Users\Carlos\AppData\Local\Programs\MiKTeX 2.9\tex\latex\url\url.sty"
\Urlmuskip=\muskip10
Package: url 2013/09/16  ver 3.4  Verb mode for urls, etc.
)
LaTeX Info: Redefining \url on input line 5041.
\XeTeXLinkMargin=\dimen118
\Fld@menulength=\count106
\Field@Width=\dimen119
\Fld@charsize=\dimen120
Package hyperref Info: Hyper figures OFF on input line 6295.
Package hyperref Info: Link nesting OFF on input line 6300.
Package hyperref Info: Hyper index ON on input line 6303.
Package hyperref Info: backreferencing OFF on input line 6310.
Package hyperref Info: Link coloring ON on input line 6313.
Package hyperref Info: Link coloring with OCG OFF on input line 6320.
Package hyperref Info: PDF/A mode OFF on input line 6325.
LaTeX Info: Redefining \ref on input line 6365.
LaTeX Info: Redefining \pageref on input line 6369.
\Hy@abspage=\count107
\c@Item=\count108
\c@Hfootnote=\count109
)

Package hyperref Message: Driver: hpdftex.


("C:\Users\Carlos\AppData\Local\Programs\MiKTeX 2.9\tex\latex\hyperref\hpdftex.
def"
File: hpdftex.def 2012/11/06 v6.83m Hyperref driver for pdfTeX
\Fld@listcount=\count110
\c@bookmark@seq@number=\count111

("C:\Users\Carlos\AppData\Local\Programs\MiKTeX 2.9\tex\latex\oberdiek\rerunfil
echeck.sty"
Package: rerunfilecheck 2011/04/15 v1.7 Rerun checks for auxiliary files (HO)
Package uniquecounter Info: New unique counter `rerunfilecheck' on input line 2
82.
)
\Hy@SectionHShift=\skip74
)
("C:\Users\Carlos\AppData\Local\Programs\MiKTeX 2.9\tex\latex\amsfonts\amssymb.
sty"
Package: amssymb 2013/01/14 v3.01 AMS font symbols

("C:\Users\Carlos\AppData\Local\Programs\MiKTeX 2.9\tex\latex\amsfonts\amsfonts
.sty"
Package: amsfonts 2013/01/14 v3.01 Basic AMSFonts support
\@emptytoks=\toks20
\symAMSa=\mathgroup4
\symAMSb=\mathgroup5
LaTeX Font Info:    Overwriting math alphabet `\mathfrak' in version `bold'
(Font)                  U/euf/m/n --> U/euf/b/n on input line 106.
))
("C:\Users\Carlos\AppData\Local\Programs\MiKTeX 2.9\tex\latex\colortbl\colortbl
.sty"
Package: colortbl 2012/02/13 v1.0a Color table columns (DPC)

("C:\Users\Carlos\AppData\Local\Programs\MiKTeX 2.9\tex\latex\tools\array.sty"
Package: array 2014/10/28 v2.4c Tabular extension package (FMi)
\col@sep=\dimen121
\extrarowheight=\dimen122
\NC@list=\toks21
\extratabsurround=\skip75
\backup@length=\skip76
)
\everycr=\toks22
\minrowclearance=\skip77
)
("C:\Users\Carlos\AppData\Local\Programs\MiKTeX 2.9\tex\latex\multirow\multirow
.sty"
\bigstrutjot=\dimen123
))
("C:\Users\Carlos\AppData\Local\Programs\MiKTeX 2.9\tex\latex\chapterfolder\cha
pterfolder.sty"
Package: chapterfolder 2005/11/24 v2.0 Package for dealing with folder
\c@@cf@currentpos=\count112
)
("C:\Users\Carlos\AppData\Local\Programs\MiKTeX 2.9\tex\latex\listings\listings
.sty"
\lst@mode=\count113
\lst@gtempboxa=\box30
\lst@token=\toks23
\lst@length=\count114
\lst@currlwidth=\dimen124
\lst@column=\count115
\lst@pos=\count116
\lst@lostspace=\dimen125
\lst@width=\dimen126
\lst@newlines=\count117
\lst@lineno=\count118
\lst@maxwidth=\dimen127

("C:\Users\Carlos\AppData\Local\Programs\MiKTeX 2.9\tex\latex\listings\lstmisc.
sty"
File: lstmisc.sty 2015/06/04 1.6 (Carsten Heinz)
\c@lstnumber=\count119
\lst@skipnumbers=\count120
\lst@framebox=\box31
)
("C:\Users\Carlos\AppData\Local\Programs\MiKTeX 2.9\tex\latex\listings\listings
.cfg"
File: listings.cfg 2015/06/04 1.6 listings configuration
))
Package: listings 2015/06/04 1.6 (Carsten Heinz)
)
("C:\Users\Carlos\AppData\Local\Programs\MiKTeX 2.9\tex\latex\amsmath\amsmath.s
ty"
Package: amsmath 2013/01/14 v2.14 AMS math features
\@mathmargin=\skip78

For additional information on amsmath, use the `?' option.

("C:\Users\Carlos\AppData\Local\Programs\MiKTeX 2.9\tex\latex\amsmath\amstext.s
ty"
Package: amstext 2000/06/29 v2.01

("C:\Users\Carlos\AppData\Local\Programs\MiKTeX 2.9\tex\latex\amsmath\amsgen.st
y"
File: amsgen.sty 1999/11/30 v2.0
\@emptytoks=\toks24
\ex@=\dimen128
))
("C:\Users\Carlos\AppData\Local\Programs\MiKTeX 2.9\tex\latex\amsmath\amsbsy.st
y"
Package: amsbsy 1999/11/29 v1.2d
\pmbraise@=\dimen129
)
("C:\Users\Carlos\AppData\Local\Programs\MiKTeX 2.9\tex\latex\amsmath\amsopn.st
y"
Package: amsopn 1999/12/14 v2.01 operator names
)
\inf@bad=\count121
LaTeX Info: Redefining \frac on input line 210.
\uproot@=\count122
\leftroot@=\count123
LaTeX Info: Redefining \overline on input line 306.
\classnum@=\count124
\DOTSCASE@=\count125
LaTeX Info: Redefining \ldots on input line 378.
LaTeX Info: Redefining \dots on input line 381.
LaTeX Info: Redefining \cdots on input line 466.
\Mathstrutbox@=\box32
\strutbox@=\box33
\big@size=\dimen130
LaTeX Font Info:    Redeclaring font encoding OML on input line 566.
LaTeX Font Info:    Redeclaring font encoding OMS on input line 567.
\macc@depth=\count126
\c@MaxMatrixCols=\count127
\dotsspace@=\muskip11
\c@parentequation=\count128
\dspbrk@lvl=\count129
\tag@help=\toks25
\row@=\count130
\column@=\count131
\maxfields@=\count132
\andhelp@=\toks26
\eqnshift@=\dimen131
\alignsep@=\dimen132
\tagshift@=\dimen133
\tagwidth@=\dimen134
\totwidth@=\dimen135
\lineht@=\dimen136
\@envbody=\toks27
\multlinegap=\skip79
\multlinetaggap=\skip80
\mathdisplay@stack=\toks28
LaTeX Info: Redefining \[ on input line 2665.
LaTeX Info: Redefining \] on input line 2666.
)
("C:\Users\Carlos\AppData\Local\Programs\MiKTeX 2.9\tex\latex\algorithm2e\algor
ithm2e.sty"
Package: algorithm2e 2013/01/06 v5.00 algorithms environments
\c@AlgoLine=\count133
\algocf@hangindent=\skip81

("C:\Users\Carlos\AppData\Local\Programs\MiKTeX 2.9\tex\latex\tools\xspace.sty"
Package: xspace 2014/10/28 v1.13 Space after command names (DPC,MH)
)
("C:\Users\Carlos\AppData\Local\Programs\MiKTeX 2.9\tex\latex\ltxmisc\relsize.s
ty"
Package: relsize 2003/07/04 ver 3.1
)
********************************************************
Package `algorithm2e' Release 5.1 -- october 19 2015 --
- algorithm2e-announce@lirmm.fr mailing list for announcement about releases
- algorithm2e-discussion@lirmm.fr mailing list for discussion about package
subscribe by emailing sympa@lirmm.fr with 'subscribe <list> <firstname name>'
- Author: Christophe Fiorio (christophe.fiorio@umontpellier.fr)
********************************************************
\skiptotal=\skip82
\skiplinenumber=\skip83
\skiprule=\skip84
\skiphlne=\skip85
\skiptext=\skip86
\skiplength=\skip87
\algomargin=\skip88
\skipalgocfslide=\skip89
\algowidth=\dimen137
\inoutsize=\dimen138
\inoutindent=\dimen139
\interspacetitleruled=\dimen140
\interspacealgoruled=\dimen141
\interspacetitleboxruled=\dimen142
\algocf@ruledwidth=\skip90
\algocf@inoutbox=\box34
\algocf@inputbox=\box35
\AlCapSkip=\skip91
\AlCapHSkip=\skip92
\algoskipindent=\skip93
\algocf@nlbox=\box36
\algocf@hangingbox=\box37
\algocf@untilbox=\box38
\algocf@skipuntil=\skip94
\algocf@capbox=\box39
\algoheightruledefault=\skip95
\algoheightrule=\skip96
\algotitleheightruledefault=\skip97
\algotitleheightrule=\skip98
\c@algocfline=\count134
\c@algocfproc=\count135
\c@algocf=\count136
\algocf@algoframe=\box40
\algocf@algobox=\box41
)
("C:\Users\Carlos\AppData\Local\Programs\MiKTeX 2.9\tex\latex\algorithmicx\algp
seudocode.sty"
Package: algpseudocode 

("C:\Users\Carlos\AppData\Local\Programs\MiKTeX 2.9\tex\latex\algorithmicx\algo
rithmicx.sty"
Package: algorithmicx 2005/04/27 v1.2 Algorithmicx

Document Style algorithmicx 1.2 - a greatly improved `algorithmic' style
\c@ALG@line=\count137
\c@ALG@rem=\count138
\c@ALG@nested=\count139
\ALG@tlm=\skip99
\ALG@thistlm=\skip100
\c@ALG@Lnr=\count140
\c@ALG@blocknr=\count141
\c@ALG@storecount=\count142
\c@ALG@tmpcounter=\count143
\ALG@tmplength=\skip101
)
Document Style - pseudocode environments for use with the `algorithmicx' style
)
("C:\Users\Carlos\AppData\Local\Programs\MiKTeX 2.9\tex\latex\hyphenat\hyphenat
.sty"
Package: hyphenat 2009/09/02 v2.3c hyphenation utilities
\langwohyphens=\language70
LaTeX Info: Redefining \_ on input line 43.
) (tt2013b017.aux
LaTeX Info: Redefining \. on input line 23.
LaTeX Info: Redefining \% on input line 23.


LaTeX Warning: Label `grooming' multiply defined.

)
\openout1 = `tt2013b017.aux'.

LaTeX Font Info:    Checking defaults for OML/cmm/m/it on input line 29.
LaTeX Font Info:    ... okay on input line 29.
LaTeX Font Info:    Checking defaults for T1/cmr/m/n on input line 29.
LaTeX Font Info:    ... okay on input line 29.
LaTeX Font Info:    Checking defaults for OT1/cmr/m/n on input line 29.
LaTeX Font Info:    ... okay on input line 29.
LaTeX Font Info:    Checking defaults for OMS/cmsy/m/n on input line 29.
LaTeX Font Info:    ... okay on input line 29.
LaTeX Font Info:    Checking defaults for OMX/cmex/m/n on input line 29.
LaTeX Font Info:    ... okay on input line 29.
LaTeX Font Info:    Checking defaults for U/cmr/m/n on input line 29.
LaTeX Font Info:    ... okay on input line 29.
LaTeX Font Info:    Checking defaults for PD1/pdf/m/n on input line 29.
LaTeX Font Info:    ... okay on input line 29.
LaTeX Info: Redefining \. on input line 29.
LaTeX Info: Redefining \% on input line 29.

("C:\Users\Carlos\AppData\Local\Programs\MiKTeX 2.9\tex\context\base\supp-pdf.m
kii"
[Loading MPS to PDF converter (version 2006.09.02).]
\scratchcounter=\count144
\scratchdimen=\dimen143
\scratchbox=\box42
\nofMPsegments=\count145
\nofMParguments=\count146
\everyMPshowfont=\toks29
\MPscratchCnt=\count147
\MPscratchDim=\dimen144
\MPnumerator=\count148
\makeMPintoPDFobject=\count149
\everyMPtoPDFconversion=\toks30
)
\AtBeginShipoutBox=\box43

*geometry* driver: auto-detecting
*geometry* detected driver: pdftex
*geometry* verbose mode - [ preamble ] result:
* driver: pdftex
* paper: <default>
* layout: <same size as paper>
* layoutoffset:(h,v)=(0.0pt,0.0pt)
* modes: 
* h-part:(L,W,R)=(85.35826pt, 443.57848pt, 85.35826pt)
* v-part:(T,H,B)=(99.58464pt, 595.8007pt, 99.58464pt)
* \paperwidth=614.295pt
* \paperheight=794.96999pt
* \textwidth=470.0pt
* \textheight=630.0pt
* \oddsidemargin=13.08827pt
* \evensidemargin=30.0pt
* \topmargin=0.0pt
* \headheight=30.0pt
* \headsep=18.06749pt
* \topskip=10.0pt
* \footskip=25.29494pt
* \marginparwidth=0.0pt
* \marginparsep=7.0pt
* \columnsep=10.0pt
* \skip\footins=9.0pt plus 4.0pt minus 2.0pt
* \hoffset=-36.135pt
* \voffset=-36.135pt
* \mag=1000
* \@twocolumnfalse
* \@twosidefalse
* \@mparswitchfalse
* \@reversemarginfalse
* (1in=72.27pt=25.4mm, 1cm=28.453pt)

Package hyperref Info: Link coloring ON on input line 29.

("C:\Users\Carlos\AppData\Local\Programs\MiKTeX 2.9\tex\latex\hyperref\nameref.
sty"
Package: nameref 2012/10/27 v2.43 Cross-referencing by name of section

("C:\Users\Carlos\AppData\Local\Programs\MiKTeX 2.9\tex\generic\oberdiek\gettit
lestring.sty"
Package: gettitlestring 2010/12/03 v1.4 Cleanup title references (HO)
)
\c@section@level=\count150
)
LaTeX Info: Redefining \ref on input line 29.
LaTeX Info: Redefining \pageref on input line 29.
LaTeX Info: Redefining \nameref on input line 29.
 (tt2013b017.out) (tt2013b017.out)
\@outlinefile=\write3
\openout3 = `tt2013b017.out'.

\c@lstlisting=\count151
 (portada.tex
LaTeX Font Info:    Try loading font information for OML+cmbrm on input line 12
.

("C:\Users\Carlos\AppData\Local\Programs\MiKTeX 2.9\tex\latex\cmbright\omlcmbrm
.fd"
File: omlcmbrm.fd 2005/04/13 v8.1 (WaS)
)
LaTeX Font Info:    Try loading font information for OMS+cmbrs on input line 12
.

("C:\Users\Carlos\AppData\Local\Programs\MiKTeX 2.9\tex\latex\cmbright\omscmbrs
.fd"
File: omscmbrs.fd 2005/04/13 v8.1 (WaS)
) <images/ipn.jpg, id=87, 235.88126pt x 301.125pt>
File: images/ipn.jpg Graphic file (type jpg)
 <use images/ipn.jpg>
Package pdftex.def Info: images/ipn.jpg used on input line 13.
(pdftex.def)             Requested size: 58.97017pt x 75.28105pt.

<images/escom.jpg, id=88, 284.06125pt x 227.85126pt>
File: images/escom.jpg Graphic file (type jpg)
 <use images/escom.jpg>
Package pdftex.def Info: images/escom.jpg used on input line 13.
(pdftex.def)             Requested size: 71.01512pt x 56.96266pt.

Overfull \hbox (91.36084pt too wide) in paragraph at lines 12--16
 [] 
 []


Underfull \hbox (badness 7631) in paragraph at lines 40--41
[]\OT1/cmbr/m/n/10 En el pre-sen-te do-cu-men-to se en-cuen-tran los re-sul-ta-
dos co-rres-pon-dien-tes al desa-rro-llo del
 []


Underfull \hbox (badness 10000) in paragraph at lines 40--41
\OT1/cmbr/m/n/10 Tra-ba-jo Ter-mi-nal cu-yo ob-je-ti-vo es la im-ple-men-ta-ci
on de un sis-te-ma que ana-li-ce image-nes
 []


Underfull \hbox (badness 1867) in paragraph at lines 40--41
\OT1/cmbr/m/n/10 me-dian-te el pro-ce-sa-mien-to de las mis-mas . Es-te sis-te-
ma pre-ten-de ser-vir co-mo he-rra-mien-ta ca-paz
 []


Underfull \hbox (badness 10000) in paragraph at lines 40--41

 []

Package babel Info: Redefining spanish shorthand <<
(babel)             in language  on input line 58.
Package babel Info: Redefining spanish shorthand >>
(babel)             in language  on input line 58.
Package babel Info: Redefining spanish shorthand "=
(babel)             in language  on input line 58.
Package babel Info: Redefining spanish shorthand "~
(babel)             in language  on input line 58.
Package babel Info: Redefining spanish shorthand "!
(babel)             in language  on input line 58.
Package babel Info: Redefining spanish shorthand "?
(babel)             in language  on input line 58.
Package babel Info: Redefining spanish shorthand <<
(babel)             in language  on input line 58.
Package babel Info: Redefining spanish shorthand >>
(babel)             in language  on input line 58.
Package babel Info: Redefining spanish shorthand "=
(babel)             in language  on input line 58.
Package babel Info: Redefining spanish shorthand "~
(babel)             in language  on input line 58.
Package babel Info: Redefining spanish shorthand "!
(babel)             in language  on input line 58.
Package babel Info: Redefining spanish shorthand "?
(babel)             in language  on input line 58.
[1


{C:/Users/Carlos/AppData/Local/MiKTeX/2.9/pdftex/config/pdftex.map} <./images/i
pn.jpg> <./images/escom.jpg>]) (tt2013b017.toc
LaTeX Info: Redefining \. on input line 1.
LaTeX Info: Redefining \% on input line 1.
LaTeX Font Info:    Font shape `OT1/cmbr/m/it' in size <10> not available
(Font)              Font shape `OT1/cmbr/m/sl' tried instead on input line 13.
)
\tf@toc=\write4
\openout4 = `tt2013b017.toc'.



LaTeX Font Warning: Font shape `OT1/cmbr/m/sc' undefined
(Font)              using `OT1/cmbr/m/n' instead on input line 52.


Package spanish Warning: Replacing `OT1/cmbr/m/sc' by 
(spanish)                faked small caps on input line 52.

Package babel Info: Redefining spanish shorthand <<
(babel)             in language  on input line 52.
Package babel Info: Redefining spanish shorthand >>
(babel)             in language  on input line 52.
Package babel Info: Redefining spanish shorthand "=
(babel)             in language  on input line 52.
Package babel Info: Redefining spanish shorthand "~
(babel)             in language  on input line 52.
Package babel Info: Redefining spanish shorthand "!
(babel)             in language  on input line 52.
Package babel Info: Redefining spanish shorthand "?
(babel)             in language  on input line 52.
Package babel Info: Redefining spanish shorthand <<
(babel)             in language  on input line 52.
Package babel Info: Redefining spanish shorthand >>
(babel)             in language  on input line 52.
Package babel Info: Redefining spanish shorthand "=
(babel)             in language  on input line 52.
Package babel Info: Redefining spanish shorthand "~
(babel)             in language  on input line 52.
Package babel Info: Redefining spanish shorthand "!
(babel)             in language  on input line 52.
Package babel Info: Redefining spanish shorthand "?
(babel)             in language  on input line 52.
[1


] (tt2013b017.lof
LaTeX Info: Redefining \. on input line 1.
LaTeX Info: Redefining \% on input line 1.
)
\tf@lof=\write5
\openout5 = `tt2013b017.lof'.



Package spanish Warning: Replacing `OT1/cmbr/m/sc' by 
(spanish)                faked small caps on input line 54.

Package babel Info: Redefining spanish shorthand <<
(babel)             in language  on input line 54.
Package babel Info: Redefining spanish shorthand >>
(babel)             in language  on input line 54.
Package babel Info: Redefining spanish shorthand "=
(babel)             in language  on input line 54.
Package babel Info: Redefining spanish shorthand "~
(babel)             in language  on input line 54.
Package babel Info: Redefining spanish shorthand "!
(babel)             in language  on input line 54.
Package babel Info: Redefining spanish shorthand "?
(babel)             in language  on input line 54.
Package babel Info: Redefining spanish shorthand <<
(babel)             in language  on input line 54.
Package babel Info: Redefining spanish shorthand >>
(babel)             in language  on input line 54.
Package babel Info: Redefining spanish shorthand "=
(babel)             in language  on input line 54.
Package babel Info: Redefining spanish shorthand "~
(babel)             in language  on input line 54.
Package babel Info: Redefining spanish shorthand "!
(babel)             in language  on input line 54.
Package babel Info: Redefining spanish shorthand "?
(babel)             in language  on input line 54.
pdfTeX warning (ext4): destination with the same identifier (name{page.I}) has 
been already used, duplicate ignored
<to be read again> 
                   \relax 
l.54 \frontmatter
                  [1


] (tt2013b017.lot
LaTeX Info: Redefining \. on input line 1.
LaTeX Info: Redefining \% on input line 1.
)
\tf@lot=\write6
\openout6 = `tt2013b017.lot'.



Package spanish Warning: Replacing `OT1/cmbr/m/sc' by 
(spanish)                faked small caps on input line 57.

Package babel Info: Redefining spanish shorthand <<
(babel)             in language  on input line 57.
Package babel Info: Redefining spanish shorthand >>
(babel)             in language  on input line 57.
Package babel Info: Redefining spanish shorthand "=
(babel)             in language  on input line 57.
Package babel Info: Redefining spanish shorthand "~
(babel)             in language  on input line 57.
Package babel Info: Redefining spanish shorthand "!
(babel)             in language  on input line 57.
Package babel Info: Redefining spanish shorthand "?
(babel)             in language  on input line 57.
Package babel Info: Redefining spanish shorthand <<
(babel)             in language  on input line 57.
Package babel Info: Redefining spanish shorthand >>
(babel)             in language  on input line 57.
Package babel Info: Redefining spanish shorthand "=
(babel)             in language  on input line 57.
Package babel Info: Redefining spanish shorthand "~
(babel)             in language  on input line 57.
Package babel Info: Redefining spanish shorthand "!
(babel)             in language  on input line 57.
Package babel Info: Redefining spanish shorthand "?
(babel)             in language  on input line 57.
pdfTeX warning (ext4): destination with the same identifier (name{page.I}) has 
been already used, duplicate ignored
<to be read again> 
                   \relax 
l.57 \mainmatter
                 [1


]
Cap\'{\i }tulo 1.
Package babel Info: Redefining spanish shorthand <<
(babel)             in language  on input line 60.
Package babel Info: Redefining spanish shorthand >>
(babel)             in language  on input line 60.
Package babel Info: Redefining spanish shorthand "=
(babel)             in language  on input line 60.
Package babel Info: Redefining spanish shorthand "~
(babel)             in language  on input line 60.
Package babel Info: Redefining spanish shorthand "!
(babel)             in language  on input line 60.
Package babel Info: Redefining spanish shorthand "?
(babel)             in language  on input line 60.
(Antecedentes/Introduccion.tex
Package babel Info: Redefining spanish shorthand <<
(babel)             in language  on input line 2.
Package babel Info: Redefining spanish shorthand >>
(babel)             in language  on input line 2.
Package babel Info: Redefining spanish shorthand "=
(babel)             in language  on input line 2.
Package babel Info: Redefining spanish shorthand "~
(babel)             in language  on input line 2.
Package babel Info: Redefining spanish shorthand "!
(babel)             in language  on input line 2.
Package babel Info: Redefining spanish shorthand "?
(babel)             in language  on input line 2.

Underfull \hbox (badness 10000) in paragraph at lines 8--9

 []

) (Antecedentes/Problema.tex
Package babel Info: Redefining spanish shorthand <<
(babel)             in language  on input line 2.
Package babel Info: Redefining spanish shorthand >>
(babel)             in language  on input line 2.
Package babel Info: Redefining spanish shorthand "=
(babel)             in language  on input line 2.
Package babel Info: Redefining spanish shorthand "~
(babel)             in language  on input line 2.
Package babel Info: Redefining spanish shorthand "!
(babel)             in language  on input line 2.
Package babel Info: Redefining spanish shorthand "?
(babel)             in language  on input line 2.
Package babel Info: Redefining spanish shorthand <<
(babel)             in language  on input line 2.
Package babel Info: Redefining spanish shorthand >>
(babel)             in language  on input line 2.
Package babel Info: Redefining spanish shorthand "=
(babel)             in language  on input line 2.
Package babel Info: Redefining spanish shorthand "~
(babel)             in language  on input line 2.
Package babel Info: Redefining spanish shorthand "!
(babel)             in language  on input line 2.
Package babel Info: Redefining spanish shorthand "?
(babel)             in language  on input line 2.
pdfTeX warning (ext4): destination with the same identifier (name{page.1}) has 
been already used, duplicate ignored
<to be read again> 
                   \relax 
l.2 \section{Descripci\'on del problema}
                                         [1


]
Package babel Info: Redefining spanish shorthand <<
(babel)             in language  on input line 2.
Package babel Info: Redefining spanish shorthand >>
(babel)             in language  on input line 2.
Package babel Info: Redefining spanish shorthand "=
(babel)             in language  on input line 2.
Package babel Info: Redefining spanish shorthand "~
(babel)             in language  on input line 2.
Package babel Info: Redefining spanish shorthand "!
(babel)             in language  on input line 2.
Package babel Info: Redefining spanish shorthand "?
(babel)             in language  on input line 2.
) (Antecedentes/Solucion.tex
Package babel Info: Redefining spanish shorthand <<
(babel)             in language  on input line 2.
Package babel Info: Redefining spanish shorthand >>
(babel)             in language  on input line 2.
Package babel Info: Redefining spanish shorthand "=
(babel)             in language  on input line 2.
Package babel Info: Redefining spanish shorthand "~
(babel)             in language  on input line 2.
Package babel Info: Redefining spanish shorthand "!
(babel)             in language  on input line 2.
Package babel Info: Redefining spanish shorthand "?
(babel)             in language  on input line 2.
)
(Antecedentes/EdoArte.tex
Package babel Info: Redefining spanish shorthand <<
(babel)             in language  on input line 2.
Package babel Info: Redefining spanish shorthand >>
(babel)             in language  on input line 2.
Package babel Info: Redefining spanish shorthand "=
(babel)             in language  on input line 2.
Package babel Info: Redefining spanish shorthand "~
(babel)             in language  on input line 2.
Package babel Info: Redefining spanish shorthand "!
(babel)             in language  on input line 2.
Package babel Info: Redefining spanish shorthand "?
(babel)             in language  on input line 2.

Underfull \hbox (badness 10000) in paragraph at lines 10--11
[]|\OT1/cmbr/m/sc/10 Lugar de
 []


Underfull \hbox (badness 2111) in paragraph at lines 12--12
[]|\OT1/cmbr/m/sc/10 La apli-ca-cion Child-De-fen-ce per-mi-te re-co-lec-tar
 []


Underfull \hbox (badness 10000) in paragraph at lines 14--15
[]|\OT1/cmbr/m/sc/10 Austin Te-xas
 []


Underfull \hbox (badness 10000) in paragraph at lines 16--17
[]|\OT1/cmbr/m/sc/10 Computer
 []


Underfull \hbox (badness 10000) in paragraph at lines 16--17
\OT1/cmbr/m/sc/10 Bu-si-ness
 []


Underfull \hbox (badness 10000) in paragraph at lines 25--26

 []


Underfull \hbox (badness 10000) in paragraph at lines 31--32
[]|\OT1/cmbr/m/sc/10 Lugar de
 []


Underfull \hbox (badness 3189) in paragraph at lines 33--34
[]|\OT1/cmbr/m/sc/10 Prototipo de sis-te-ma
 []


Underfull \hbox (badness 10000) in paragraph at lines 33--34
\OT1/cmbr/m/sc/10 de in-for-ma-cion con
 []


Underfull \hbox (badness 2744) in paragraph at lines 34--34
\OT1/cmbr/m/sc/10 in-for-ma-cion re-le-van-te de sus ba-ses de
 []


Underfull \hbox (badness 1137) in paragraph at lines 34--34
\OT1/cmbr/m/sc/10 da-tos mos-tran-do in-ter-pre-ta-cio-nes de los
 []


Overfull \hbox (42.1752pt too wide) in paragraph at lines 29--39
[][]
 []


LaTeX Warning: `h' float specifier changed to `ht'.

) (Antecedentes/Justificacion.tex
Package babel Info: Redefining spanish shorthand <<
(babel)             in language  on input line 2.
Package babel Info: Redefining spanish shorthand >>
(babel)             in language  on input line 2.
Package babel Info: Redefining spanish shorthand "=
(babel)             in language  on input line 2.
Package babel Info: Redefining spanish shorthand "~
(babel)             in language  on input line 2.
Package babel Info: Redefining spanish shorthand "!
(babel)             in language  on input line 2.
Package babel Info: Redefining spanish shorthand "?
(babel)             in language  on input line 2.

<images/headerInp.png, id=161, 1858.945pt x 358.33875pt>
File: images/headerInp.png Graphic file (type png)

<use images/headerInp.png>
Package pdftex.def Info: images/headerInp.png used on input line 7.
(pdftex.def)             Requested size: 181.56552pt x 35.0pt.


Package Fancyhdr Warning: \headheight is too small (30.0pt): 
 Make it at least 38.75003pt.
 We now make it that large for the rest of the document.
 This may cause the page layout to be inconsistent, however.

Package babel Info: Redefining spanish shorthand <<
(babel)             in language  on input line 7.
Package babel Info: Redefining spanish shorthand >>
(babel)             in language  on input line 7.
Package babel Info: Redefining spanish shorthand "=
(babel)             in language  on input line 7.
Package babel Info: Redefining spanish shorthand "~
(babel)             in language  on input line 7.
Package babel Info: Redefining spanish shorthand "!
(babel)             in language  on input line 7.
Package babel Info: Redefining spanish shorthand "?
(babel)             in language  on input line 7.
Package babel Info: Redefining spanish shorthand <<
(babel)             in language  on input line 7.
Package babel Info: Redefining spanish shorthand >>
(babel)             in language  on input line 7.
Package babel Info: Redefining spanish shorthand "=
(babel)             in language  on input line 7.
Package babel Info: Redefining spanish shorthand "~
(babel)             in language  on input line 7.
Package babel Info: Redefining spanish shorthand "!
(babel)             in language  on input line 7.
Package babel Info: Redefining spanish shorthand "?
(babel)             in language  on input line 7.
[2 <./images/headerInp.png>])
File: images/headerInp.png Graphic file (type png)
 <use images/headerInp.png>
Package pdftex.def Info: images/headerInp.png used on input line 68.
(pdftex.def)             Requested size: 181.56552pt x 35.0pt.


Package Fancyhdr Warning: \headheight is too small (30.0pt): 
 Make it at least 38.75003pt.
 We now make it that large for the rest of the document.
 This may cause the page layout to be inconsistent, however.

Package babel Info: Redefining spanish shorthand <<
(babel)             in language  on input line 68.
Package babel Info: Redefining spanish shorthand >>
(babel)             in language  on input line 68.
Package babel Info: Redefining spanish shorthand "=
(babel)             in language  on input line 68.
Package babel Info: Redefining spanish shorthand "~
(babel)             in language  on input line 68.
Package babel Info: Redefining spanish shorthand "!
(babel)             in language  on input line 68.
Package babel Info: Redefining spanish shorthand "?
(babel)             in language  on input line 68.
Package babel Info: Redefining spanish shorthand <<
(babel)             in language  on input line 68.
Package babel Info: Redefining spanish shorthand >>
(babel)             in language  on input line 68.
Package babel Info: Redefining spanish shorthand "=
(babel)             in language  on input line 68.
Package babel Info: Redefining spanish shorthand "~
(babel)             in language  on input line 68.
Package babel Info: Redefining spanish shorthand "!
(babel)             in language  on input line 68.
Package babel Info: Redefining spanish shorthand "?
(babel)             in language  on input line 68.
[3]
Cap\'{\i }tulo 2.
Package babel Info: Redefining spanish shorthand <<
(babel)             in language  on input line 68.
Package babel Info: Redefining spanish shorthand >>
(babel)             in language  on input line 68.
Package babel Info: Redefining spanish shorthand "=
(babel)             in language  on input line 68.
Package babel Info: Redefining spanish shorthand "~
(babel)             in language  on input line 68.
Package babel Info: Redefining spanish shorthand "!
(babel)             in language  on input line 68.
Package babel Info: Redefining spanish shorthand "?
(babel)             in language  on input line 68.
(mineria/mineriatexto.tex
Package babel Info: Redefining spanish shorthand <<
(babel)             in language  on input line 1.
Package babel Info: Redefining spanish shorthand >>
(babel)             in language  on input line 1.
Package babel Info: Redefining spanish shorthand "=
(babel)             in language  on input line 1.
Package babel Info: Redefining spanish shorthand "~
(babel)             in language  on input line 1.
Package babel Info: Redefining spanish shorthand "!
(babel)             in language  on input line 1.
Package babel Info: Redefining spanish shorthand "?
(babel)             in language  on input line 1.

Underfull \hbox (badness 10000) in paragraph at lines 3--4

 []


Underfull \hbox (badness 10000) in paragraph at lines 5--6

 []

<images/mintex.png, id=177, 509.905pt x 156.585pt>
File: images/mintex.png Graphic file (type png)
 <use images/mintex.png>
Package pdftex.def Info: images/mintex.png used on input line 11.
(pdftex.def)             Requested size: 305.94536pt x 93.95172pt.

Underfull \hbox (badness 10000) in paragraph at lines 18--19

 []


Underfull \hbox (badness 10000) in paragraph at lines 20--21

 []

Package babel Info: Redefining spanish shorthand <<
(babel)             in language  on input line 22.
Package babel Info: Redefining spanish shorthand >>
(babel)             in language  on input line 22.
Package babel Info: Redefining spanish shorthand "=
(babel)             in language  on input line 22.
Package babel Info: Redefining spanish shorthand "~
(babel)             in language  on input line 22.
Package babel Info: Redefining spanish shorthand "!
(babel)             in language  on input line 22.
Package babel Info: Redefining spanish shorthand "?
(babel)             in language  on input line 22.
Package babel Info: Redefining spanish shorthand <<
(babel)             in language  on input line 22.
Package babel Info: Redefining spanish shorthand >>
(babel)             in language  on input line 22.
Package babel Info: Redefining spanish shorthand "=
(babel)             in language  on input line 22.
Package babel Info: Redefining spanish shorthand "~
(babel)             in language  on input line 22.
Package babel Info: Redefining spanish shorthand "!
(babel)             in language  on input line 22.
Package babel Info: Redefining spanish shorthand "?
(babel)             in language  on input line 22.
[4

 <./images/mintex.png>]
Underfull \hbox (badness 10000) in paragraph at lines 22--23

 []

File: images/headerInp.png Graphic file (type png)
<use images/headerInp.png>
Package pdftex.def Info: images/headerInp.png used on input line 27.
(pdftex.def)             Requested size: 181.56552pt x 35.0pt.


Package Fancyhdr Warning: \headheight is too small (30.0pt): 
 Make it at least 38.75003pt.
 We now make it that large for the rest of the document.
 This may cause the page layout to be inconsistent, however.

Package babel Info: Redefining spanish shorthand <<
(babel)             in language  on input line 27.
Package babel Info: Redefining spanish shorthand >>
(babel)             in language  on input line 27.
Package babel Info: Redefining spanish shorthand "=
(babel)             in language  on input line 27.
Package babel Info: Redefining spanish shorthand "~
(babel)             in language  on input line 27.
Package babel Info: Redefining spanish shorthand "!
(babel)             in language  on input line 27.
Package babel Info: Redefining spanish shorthand "?
(babel)             in language  on input line 27.
Package babel Info: Redefining spanish shorthand <<
(babel)             in language  on input line 27.
Package babel Info: Redefining spanish shorthand >>
(babel)             in language  on input line 27.
Package babel Info: Redefining spanish shorthand "=
(babel)             in language  on input line 27.
Package babel Info: Redefining spanish shorthand "~
(babel)             in language  on input line 27.
Package babel Info: Redefining spanish shorthand "!
(babel)             in language  on input line 27.
Package babel Info: Redefining spanish shorthand "?
(babel)             in language  on input line 27.
[5]) (MarcoTeorico/LenguajeNatural.tex
Package babel Info: Redefining spanish shorthand <<
(babel)             in language  on input line 1.
Package babel Info: Redefining spanish shorthand >>
(babel)             in language  on input line 1.
Package babel Info: Redefining spanish shorthand "=
(babel)             in language  on input line 1.
Package babel Info: Redefining spanish shorthand "~
(babel)             in language  on input line 1.
Package babel Info: Redefining spanish shorthand "!
(babel)             in language  on input line 1.
Package babel Info: Redefining spanish shorthand "?
(babel)             in language  on input line 1.
) (MarcoTeorico/procesamiento.tex
Package babel Info: Redefining spanish shorthand <<
(babel)             in language  on input line 1.
Package babel Info: Redefining spanish shorthand >>
(babel)             in language  on input line 1.
Package babel Info: Redefining spanish shorthand "=
(babel)             in language  on input line 1.
Package babel Info: Redefining spanish shorthand "~
(babel)             in language  on input line 1.
Package babel Info: Redefining spanish shorthand "!
(babel)             in language  on input line 1.
Package babel Info: Redefining spanish shorthand "?
(babel)             in language  on input line 1.
File: images/headerInp.png Graphic file (type png)

<use images/headerInp.png>
Package pdftex.def Info: images/headerInp.png used on input line 15.
(pdftex.def)             Requested size: 181.56552pt x 35.0pt.


Package Fancyhdr Warning: \headheight is too small (30.0pt): 
 Make it at least 38.75003pt.
 We now make it that large for the rest of the document.
 This may cause the page layout to be inconsistent, however.

Package babel Info: Redefining spanish shorthand <<
(babel)             in language  on input line 15.
Package babel Info: Redefining spanish shorthand >>
(babel)             in language  on input line 15.
Package babel Info: Redefining spanish shorthand "=
(babel)             in language  on input line 15.
Package babel Info: Redefining spanish shorthand "~
(babel)             in language  on input line 15.
Package babel Info: Redefining spanish shorthand "!
(babel)             in language  on input line 15.
Package babel Info: Redefining spanish shorthand "?
(babel)             in language  on input line 15.
Package babel Info: Redefining spanish shorthand <<
(babel)             in language  on input line 15.
Package babel Info: Redefining spanish shorthand >>
(babel)             in language  on input line 15.
Package babel Info: Redefining spanish shorthand "=
(babel)             in language  on input line 15.
Package babel Info: Redefining spanish shorthand "~
(babel)             in language  on input line 15.
Package babel Info: Redefining spanish shorthand "!
(babel)             in language  on input line 15.
Package babel Info: Redefining spanish shorthand "?
(babel)             in language  on input line 15.
[6]) (MarcoTeorico/morfologico.tex
Package babel Info: Redefining spanish shorthand <<
(babel)             in language  on input line 1.
Package babel Info: Redefining spanish shorthand >>
(babel)             in language  on input line 1.
Package babel Info: Redefining spanish shorthand "=
(babel)             in language  on input line 1.
Package babel Info: Redefining spanish shorthand "~
(babel)             in language  on input line 1.
Package babel Info: Redefining spanish shorthand "!
(babel)             in language  on input line 1.
Package babel Info: Redefining spanish shorthand "?
(babel)             in language  on input line 1.

Underfull \hbox (badness 5756) in paragraph at lines 17--18
\OT1/cmbr/m/sc/10 o Pro-pio, Con-cre-to o Abs-trac-to, In-di-vi-dual
 []


Underfull \hbox (badness 2376) in paragraph at lines 17--18
\OT1/cmbr/m/sc/10 o Co-lec-ti-vo. Si lle-va Su-fi-jo, pue-de dar idea
 []


Underfull \hbox (badness 2790) in paragraph at lines 17--18
\OT1/cmbr/m/sc/10 de au-men-to, de dis-mi-nu-cion o de des-pre-cio
 []


Underfull \hbox (badness 10000) in paragraph at lines 20--21
[]|\OT1/cmbr/m/sc/10 Masculino o Fe-me-nino, Sin-gu-lar o Plu-ral,
 []


Underfull \hbox (badness 10000) in paragraph at lines 20--21
\OT1/cmbr/m/sc/10 De-ter-mi-na-ti-vo o Ca-li-fi-ca-ti-vo; De-mos-tra-ti-vo,
 []


Underfull \hbox (badness 10000) in paragraph at lines 26--27
[]|\OT1/cmbr/m/sc/10 Masculino o Fe-me-nino, Sin-gu-lar o Plu-ral,
 []


Underfull \hbox (badness 10000) in paragraph at lines 30--31
[]|\OT1/cmbr/m/sc/10 Coordinada o Su-bor-di-na-da; Co-pu-la-ti-va,
 []


Underfull \hbox (badness 1308) in paragraph at lines 30--31
\OT1/cmbr/m/sc/10 Ad-ver-sa-ti-va, Dis-tri-bu-ti-va o Dis-yun-ti-va; Cau-sal,
 []


Underfull \hbox (badness 2103) in paragraph at lines 30--31
\OT1/cmbr/m/sc/10 Fi-nal, Com-pa-ra-ti-va, Con-ce-si-va, Con-se-cu-ti-va o
 []

) (MarcoTeorico/stemming.tex

LaTeX Font Warning: Font shape `OT1/cmbr/bx/it' undefined
(Font)              using `OT1/cmbr/bx/n' instead on input line 1.

Package babel Info: Redefining spanish shorthand <<
(babel)             in language  on input line 1.
Package babel Info: Redefining spanish shorthand >>
(babel)             in language  on input line 1.
Package babel Info: Redefining spanish shorthand "=
(babel)             in language  on input line 1.
Package babel Info: Redefining spanish shorthand "~
(babel)             in language  on input line 1.
Package babel Info: Redefining spanish shorthand "!
(babel)             in language  on input line 1.
Package babel Info: Redefining spanish shorthand "?
(babel)             in language  on input line 1.
File: images/headerInp.png Graphic file (type png)
<use images/headerInp.png>
Package pdftex.def Info: images/headerInp.png used on input line 6.
(pdftex.def)             Requested size: 181.56552pt x 35.0pt.


Package Fancyhdr Warning: \headheight is too small (30.0pt): 
 Make it at least 38.75003pt.
 We now make it that large for the rest of the document.
 This may cause the page layout to be inconsistent, however.

Package babel Info: Redefining spanish shorthand <<
(babel)             in language  on input line 6.
Package babel Info: Redefining spanish shorthand >>
(babel)             in language  on input line 6.
Package babel Info: Redefining spanish shorthand "=
(babel)             in language  on input line 6.
Package babel Info: Redefining spanish shorthand "~
(babel)             in language  on input line 6.
Package babel Info: Redefining spanish shorthand "!
(babel)             in language  on input line 6.
Package babel Info: Redefining spanish shorthand "?
(babel)             in language  on input line 6.
Package babel Info: Redefining spanish shorthand <<
(babel)             in language  on input line 6.
Package babel Info: Redefining spanish shorthand >>
(babel)             in language  on input line 6.
Package babel Info: Redefining spanish shorthand "=
(babel)             in language  on input line 6.
Package babel Info: Redefining spanish shorthand "~
(babel)             in language  on input line 6.
Package babel Info: Redefining spanish shorthand "!
(babel)             in language  on input line 6.
Package babel Info: Redefining spanish shorthand "?
(babel)             in language  on input line 6.
[7])
File: images/headerInp.png Graphic file (type png)
 <use images/headerInp.png>
Package pdftex.def Info: images/headerInp.png used on input line 81.
(pdftex.def)             Requested size: 181.56552pt x 35.0pt.


Package Fancyhdr Warning: \headheight is too small (30.0pt): 
 Make it at least 38.75003pt.
 We now make it that large for the rest of the document.
 This may cause the page layout to be inconsistent, however.

Package babel Info: Redefining spanish shorthand <<
(babel)             in language  on input line 81.
Package babel Info: Redefining spanish shorthand >>
(babel)             in language  on input line 81.
Package babel Info: Redefining spanish shorthand "=
(babel)             in language  on input line 81.
Package babel Info: Redefining spanish shorthand "~
(babel)             in language  on input line 81.
Package babel Info: Redefining spanish shorthand "!
(babel)             in language  on input line 81.
Package babel Info: Redefining spanish shorthand "?
(babel)             in language  on input line 81.
Package babel Info: Redefining spanish shorthand <<
(babel)             in language  on input line 81.
Package babel Info: Redefining spanish shorthand >>
(babel)             in language  on input line 81.
Package babel Info: Redefining spanish shorthand "=
(babel)             in language  on input line 81.
Package babel Info: Redefining spanish shorthand "~
(babel)             in language  on input line 81.
Package babel Info: Redefining spanish shorthand "!
(babel)             in language  on input line 81.
Package babel Info: Redefining spanish shorthand "?
(babel)             in language  on input line 81.
[8] (MarcoTeorico/lexematizacion.tex
Package babel Info: Redefining spanish shorthand <<
(babel)             in language  on input line 1.
Package babel Info: Redefining spanish shorthand >>
(babel)             in language  on input line 1.
Package babel Info: Redefining spanish shorthand "=
(babel)             in language  on input line 1.
Package babel Info: Redefining spanish shorthand "~
(babel)             in language  on input line 1.
Package babel Info: Redefining spanish shorthand "!
(babel)             in language  on input line 1.
Package babel Info: Redefining spanish shorthand "?
(babel)             in language  on input line 1.
) (MarcoTeorico/stopwords.tex
Package babel Info: Redefining spanish shorthand <<
(babel)             in language  on input line 2.
Package babel Info: Redefining spanish shorthand >>
(babel)             in language  on input line 2.
Package babel Info: Redefining spanish shorthand "=
(babel)             in language  on input line 2.
Package babel Info: Redefining spanish shorthand "~
(babel)             in language  on input line 2.
Package babel Info: Redefining spanish shorthand "!
(babel)             in language  on input line 2.
Package babel Info: Redefining spanish shorthand "?
(babel)             in language  on input line 2.
LaTeX Font Info:    Try loading font information for OMS+cmbr on input line 5.

("C:\Users\Carlos\AppData\Local\Programs\MiKTeX 2.9\tex\latex\cmbright\omscmbr.
fd"
File: omscmbr.fd 2005/04/13 v8.1 (WaS)
)
LaTeX Font Info:    Font shape `OMS/cmbr/m/n' in size <10> not available
(Font)              Font shape `OMS/cmbrs/m/n' tried instead on input line 5.
File: images/headerInp.png Graphic file (type png)
 <use images/headerInp.png>
Package pdftex.def Info: images/headerInp.png used on input line 18.
(pdftex.def)             Requested size: 181.56552pt x 35.0pt.


Package Fancyhdr Warning: \headheight is too small (30.0pt): 
 Make it at least 38.75003pt.
 We now make it that large for the rest of the document.
 This may cause the page layout to be inconsistent, however.

Package babel Info: Redefining spanish shorthand <<
(babel)             in language  on input line 18.
Package babel Info: Redefining spanish shorthand >>
(babel)             in language  on input line 18.
Package babel Info: Redefining spanish shorthand "=
(babel)             in language  on input line 18.
Package babel Info: Redefining spanish shorthand "~
(babel)             in language  on input line 18.
Package babel Info: Redefining spanish shorthand "!
(babel)             in language  on input line 18.
Package babel Info: Redefining spanish shorthand "?
(babel)             in language  on input line 18.
Package babel Info: Redefining spanish shorthand <<
(babel)             in language  on input line 18.
Package babel Info: Redefining spanish shorthand >>
(babel)             in language  on input line 18.
Package babel Info: Redefining spanish shorthand "=
(babel)             in language  on input line 18.
Package babel Info: Redefining spanish shorthand "~
(babel)             in language  on input line 18.
Package babel Info: Redefining spanish shorthand "!
(babel)             in language  on input line 18.
Package babel Info: Redefining spanish shorthand "?
(babel)             in language  on input line 18.
[9])
File: images/headerInp.png Graphic file (type png)
 <use images/headerInp.png>
Package pdftex.def Info: images/headerInp.png used on input line 88.
(pdftex.def)             Requested size: 181.56552pt x 35.0pt.


Package Fancyhdr Warning: \headheight is too small (30.0pt): 
 Make it at least 38.75003pt.
 We now make it that large for the rest of the document.
 This may cause the page layout to be inconsistent, however.

Package babel Info: Redefining spanish shorthand <<
(babel)             in language  on input line 88.
Package babel Info: Redefining spanish shorthand >>
(babel)             in language  on input line 88.
Package babel Info: Redefining spanish shorthand "=
(babel)             in language  on input line 88.
Package babel Info: Redefining spanish shorthand "~
(babel)             in language  on input line 88.
Package babel Info: Redefining spanish shorthand "!
(babel)             in language  on input line 88.
Package babel Info: Redefining spanish shorthand "?
(babel)             in language  on input line 88.
Package babel Info: Redefining spanish shorthand <<
(babel)             in language  on input line 88.
Package babel Info: Redefining spanish shorthand >>
(babel)             in language  on input line 88.
Package babel Info: Redefining spanish shorthand "=
(babel)             in language  on input line 88.
Package babel Info: Redefining spanish shorthand "~
(babel)             in language  on input line 88.
Package babel Info: Redefining spanish shorthand "!
(babel)             in language  on input line 88.
Package babel Info: Redefining spanish shorthand "?
(babel)             in language  on input line 88.
[10]
Cap\'{\i }tulo 3.
Package babel Info: Redefining spanish shorthand <<
(babel)             in language  on input line 88.
Package babel Info: Redefining spanish shorthand >>
(babel)             in language  on input line 88.
Package babel Info: Redefining spanish shorthand "=
(babel)             in language  on input line 88.
Package babel Info: Redefining spanish shorthand "~
(babel)             in language  on input line 88.
Package babel Info: Redefining spanish shorthand "!
(babel)             in language  on input line 88.
Package babel Info: Redefining spanish shorthand "?
(babel)             in language  on input line 88.
(especificaciones/Objetivo.tex
Package babel Info: Redefining spanish shorthand <<
(babel)             in language  on input line 2.
Package babel Info: Redefining spanish shorthand >>
(babel)             in language  on input line 2.
Package babel Info: Redefining spanish shorthand "=
(babel)             in language  on input line 2.
Package babel Info: Redefining spanish shorthand "~
(babel)             in language  on input line 2.
Package babel Info: Redefining spanish shorthand "!
(babel)             in language  on input line 2.
Package babel Info: Redefining spanish shorthand "?
(babel)             in language  on input line 2.
Package babel Info: Redefining spanish shorthand <<
(babel)             in language  on input line 4.
Package babel Info: Redefining spanish shorthand >>
(babel)             in language  on input line 4.
Package babel Info: Redefining spanish shorthand "=
(babel)             in language  on input line 4.
Package babel Info: Redefining spanish shorthand "~
(babel)             in language  on input line 4.
Package babel Info: Redefining spanish shorthand "!
(babel)             in language  on input line 4.
Package babel Info: Redefining spanish shorthand "?
(babel)             in language  on input line 4.

Underfull \hbox (badness 10000) in paragraph at lines 5--6

 []

Package babel Info: Redefining spanish shorthand <<
(babel)             in language  on input line 10.
Package babel Info: Redefining spanish shorthand >>
(babel)             in language  on input line 10.
Package babel Info: Redefining spanish shorthand "=
(babel)             in language  on input line 10.
Package babel Info: Redefining spanish shorthand "~
(babel)             in language  on input line 10.
Package babel Info: Redefining spanish shorthand "!
(babel)             in language  on input line 10.
Package babel Info: Redefining spanish shorthand "?
(babel)             in language  on input line 10.

Underfull \hbox (badness 10000) in paragraph at lines 11--12

 []

) (especificaciones/metodologia.tex
Package babel Info: Redefining spanish shorthand <<
(babel)             in language  on input line 1.
Package babel Info: Redefining spanish shorthand >>
(babel)             in language  on input line 1.
Package babel Info: Redefining spanish shorthand "=
(babel)             in language  on input line 1.
Package babel Info: Redefining spanish shorthand "~
(babel)             in language  on input line 1.
Package babel Info: Redefining spanish shorthand "!
(babel)             in language  on input line 1.
Package babel Info: Redefining spanish shorthand "?
(babel)             in language  on input line 1.

<images/desarrollo_evolutivo.png, id=230, 834.11626pt x 341.275pt>
File: images/desarrollo_evolutivo.png Graphic file (type png)

<use images/desarrollo_evolutivo.png>
Package pdftex.def Info: images/desarrollo_evolutivo.png used on input line 9.
(pdftex.def)             Requested size: 500.47362pt x 204.76657pt.

Overfull \hbox (30.47362pt too wide) in paragraph at lines 9--11
 [] 
 []

) (especificaciones/descripcion.tex
Package babel Info: Redefining spanish shorthand <<
(babel)             in language  on input line 1.
Package babel Info: Redefining spanish shorthand >>
(babel)             in language  on input line 1.
Package babel Info: Redefining spanish shorthand "=
(babel)             in language  on input line 1.
Package babel Info: Redefining spanish shorthand "~
(babel)             in language  on input line 1.
Package babel Info: Redefining spanish shorthand "!
(babel)             in language  on input line 1.
Package babel Info: Redefining spanish shorthand "?
(babel)             in language  on input line 1.
Package babel Info: Redefining spanish shorthand <<
(babel)             in language  on input line 3.
Package babel Info: Redefining spanish shorthand >>
(babel)             in language  on input line 3.
Package babel Info: Redefining spanish shorthand "=
(babel)             in language  on input line 3.
Package babel Info: Redefining spanish shorthand "~
(babel)             in language  on input line 3.
Package babel Info: Redefining spanish shorthand "!
(babel)             in language  on input line 3.
Package babel Info: Redefining spanish shorthand "?
(babel)             in language  on input line 3.
Package babel Info: Redefining spanish shorthand <<
(babel)             in language  on input line 3.
Package babel Info: Redefining spanish shorthand >>
(babel)             in language  on input line 3.
Package babel Info: Redefining spanish shorthand "=
(babel)             in language  on input line 3.
Package babel Info: Redefining spanish shorthand "~
(babel)             in language  on input line 3.
Package babel Info: Redefining spanish shorthand "!
(babel)             in language  on input line 3.
Package babel Info: Redefining spanish shorthand "?
(babel)             in language  on input line 3.
 [11

]
Underfull \hbox (badness 4886) in paragraph at lines 27--27
[]|\OT1/cmbr/m/sc/10 Generador de Vec-to-res de
 []


Underfull \hbox (badness 10000) in paragraph at lines 47--47
[]|\OT1/cmbr/m/sc/10 Clasificador de
 []


Underfull \hbox (badness 10000) in paragraph at lines 47--47
\OT1/cmbr/m/sc/10 com-por-ta-mien-to de
 []


LaTeX Warning: `h' float specifier changed to `ht'.

) (especificaciones/arquitectura.tex
Package babel Info: Redefining spanish shorthand <<
(babel)             in language  on input line 1.
Package babel Info: Redefining spanish shorthand >>
(babel)             in language  on input line 1.
Package babel Info: Redefining spanish shorthand "=
(babel)             in language  on input line 1.
Package babel Info: Redefining spanish shorthand "~
(babel)             in language  on input line 1.
Package babel Info: Redefining spanish shorthand "!
(babel)             in language  on input line 1.
Package babel Info: Redefining spanish shorthand "?
(babel)             in language  on input line 1.

<images/arquitectura.png, id=237, 914.41624pt x 524.96124pt>
File: images/arquitectura.png Graphic file (type png)

<use images/arquitectura.png>
Package pdftex.def Info: images/arquitectura.png used on input line 22.
(pdftex.def)             Requested size: 457.207pt x 262.47998pt.
)

LaTeX Warning: `h' float specifier changed to `ht'.

(biblio.tex
File: images/headerInp.png Graphic file (type png)
 <use images/headerInp.png>
Package pdftex.def Info: images/headerInp.png used on input line 2.
(pdftex.def)             Requested size: 181.56552pt x 35.0pt.


Package Fancyhdr Warning: \headheight is too small (30.0pt): 
 Make it at least 38.75003pt.
 We now make it that large for the rest of the document.
 This may cause the page layout to be inconsistent, however.

Package babel Info: Redefining spanish shorthand <<
(babel)             in language  on input line 2.
Package babel Info: Redefining spanish shorthand >>
(babel)             in language  on input line 2.
Package babel Info: Redefining spanish shorthand "=
(babel)             in language  on input line 2.
Package babel Info: Redefining spanish shorthand "~
(babel)             in language  on input line 2.
Package babel Info: Redefining spanish shorthand "!
(babel)             in language  on input line 2.
Package babel Info: Redefining spanish shorthand "?
(babel)             in language  on input line 2.
Package babel Info: Redefining spanish shorthand <<
(babel)             in language  on input line 2.
Package babel Info: Redefining spanish shorthand >>
(babel)             in language  on input line 2.
Package babel Info: Redefining spanish shorthand "=
(babel)             in language  on input line 2.
Package babel Info: Redefining spanish shorthand "~
(babel)             in language  on input line 2.
Package babel Info: Redefining spanish shorthand "!
(babel)             in language  on input line 2.
Package babel Info: Redefining spanish shorthand "?
(babel)             in language  on input line 2.
[12 <./images/desarrollo_evolutivo.png>]
File: images/headerInp.png Graphic file (type png)
 <use images/headerInp.png>
Package pdftex.def Info: images/headerInp.png used on input line 2.
(pdftex.def)             Requested size: 181.56552pt x 35.0pt.


Package Fancyhdr Warning: \headheight is too small (30.0pt): 
 Make it at least 38.75003pt.
 We now make it that large for the rest of the document.
 This may cause the page layout to be inconsistent, however.

Package babel Info: Redefining spanish shorthand <<
(babel)             in language  on input line 2.
Package babel Info: Redefining spanish shorthand >>
(babel)             in language  on input line 2.
Package babel Info: Redefining spanish shorthand "=
(babel)             in language  on input line 2.
Package babel Info: Redefining spanish shorthand "~
(babel)             in language  on input line 2.
Package babel Info: Redefining spanish shorthand "!
(babel)             in language  on input line 2.
Package babel Info: Redefining spanish shorthand "?
(babel)             in language  on input line 2.
Package babel Info: Redefining spanish shorthand <<
(babel)             in language  on input line 2.
Package babel Info: Redefining spanish shorthand >>
(babel)             in language  on input line 2.
Package babel Info: Redefining spanish shorthand "=
(babel)             in language  on input line 2.
Package babel Info: Redefining spanish shorthand "~
(babel)             in language  on input line 2.
Package babel Info: Redefining spanish shorthand "!
(babel)             in language  on input line 2.
Package babel Info: Redefining spanish shorthand "?
(babel)             in language  on input line 2.
[13 <./images/arquitectura.png>]
File: images/headerInp.png Graphic file (type png)
 <use images/headerInp.png>
Package pdftex.def Info: images/headerInp.png used on input line 2.
(pdftex.def)             Requested size: 181.56552pt x 35.0pt.


Package Fancyhdr Warning: \headheight is too small (30.0pt): 
 Make it at least 38.75003pt.
 We now make it that large for the rest of the document.
 This may cause the page layout to be inconsistent, however.

Package babel Info: Redefining spanish shorthand <<
(babel)             in language  on input line 2.
Package babel Info: Redefining spanish shorthand >>
(babel)             in language  on input line 2.
Package babel Info: Redefining spanish shorthand "=
(babel)             in language  on input line 2.
Package babel Info: Redefining spanish shorthand "~
(babel)             in language  on input line 2.
Package babel Info: Redefining spanish shorthand "!
(babel)             in language  on input line 2.
Package babel Info: Redefining spanish shorthand "?
(babel)             in language  on input line 2.
Package babel Info: Redefining spanish shorthand <<
(babel)             in language  on input line 2.
Package babel Info: Redefining spanish shorthand >>
(babel)             in language  on input line 2.
Package babel Info: Redefining spanish shorthand "=
(babel)             in language  on input line 2.
Package babel Info: Redefining spanish shorthand "~
(babel)             in language  on input line 2.
Package babel Info: Redefining spanish shorthand "!
(babel)             in language  on input line 2.
Package babel Info: Redefining spanish shorthand "?
(babel)             in language  on input line 2.
[14]
LaTeX Font Info:    Try loading font information for OT1+cmtl on input line 31.


("C:\Users\Carlos\AppData\Local\Programs\MiKTeX 2.9\tex\latex\cmbright\ot1cmtl.
fd"
File: ot1cmtl.fd 2005/04/13 v8.1 (WaS)
)
Underfull \hbox (badness 1194) in paragraph at lines 38--39
[]\OT1/cmbr/m/sc/10 Carmen Galvez,PhD, TEXT-MINING: THE NEW GE-NE-RA-TION OF S
CIEN-TI-FIC LI-TE-RA-TU-RE
 []

Package babel Info: Redefining spanish shorthand <<
(babel)             in language  on input line 40.
Package babel Info: Redefining spanish shorthand >>
(babel)             in language  on input line 40.
Package babel Info: Redefining spanish shorthand "=
(babel)             in language  on input line 40.
Package babel Info: Redefining spanish shorthand "~
(babel)             in language  on input line 40.
Package babel Info: Redefining spanish shorthand "!
(babel)             in language  on input line 40.
Package babel Info: Redefining spanish shorthand "?
(babel)             in language  on input line 40.
Package babel Info: Redefining spanish shorthand <<
(babel)             in language  on input line 40.
Package babel Info: Redefining spanish shorthand >>
(babel)             in language  on input line 40.
Package babel Info: Redefining spanish shorthand "=
(babel)             in language  on input line 40.
Package babel Info: Redefining spanish shorthand "~
(babel)             in language  on input line 40.
Package babel Info: Redefining spanish shorthand "!
(babel)             in language  on input line 40.
Package babel Info: Redefining spanish shorthand "?
(babel)             in language  on input line 40.
[15

pdfTeX warning (ext4): destination with the same identifier (name{cite.grooming
}) has been already used, duplicate ignored

\AtBegShi@Output ...ipout \box \AtBeginShipoutBox 
                                                  \fi \fi 
l.40 \bibitem{min3}
                     Bress\'an G. 2003. Almacenes de datos y miner\'ia de da...
])
Package atveryend Info: Empty hook `BeforeClearDocument' on input line 234.
File: images/headerInp.png Graphic file (type png)
 <use images/headerInp.png>
Package pdftex.def Info: images/headerInp.png used on input line 234.
(pdftex.def)             Requested size: 181.56552pt x 35.0pt.


Package Fancyhdr Warning: \headheight is too small (30.0pt): 
 Make it at least 38.75003pt.
 We now make it that large for the rest of the document.
 This may cause the page layout to be inconsistent, however.

Package babel Info: Redefining spanish shorthand <<
(babel)             in language  on input line 234.
Package babel Info: Redefining spanish shorthand >>
(babel)             in language  on input line 234.
Package babel Info: Redefining spanish shorthand "=
(babel)             in language  on input line 234.
Package babel Info: Redefining spanish shorthand "~
(babel)             in language  on input line 234.
Package babel Info: Redefining spanish shorthand "!
(babel)             in language  on input line 234.
Package babel Info: Redefining spanish shorthand "?
(babel)             in language  on input line 234.
Package babel Info: Redefining spanish shorthand <<
(babel)             in language  on input line 234.
Package babel Info: Redefining spanish shorthand >>
(babel)             in language  on input line 234.
Package babel Info: Redefining spanish shorthand "=
(babel)             in language  on input line 234.
Package babel Info: Redefining spanish shorthand "~
(babel)             in language  on input line 234.
Package babel Info: Redefining spanish shorthand "!
(babel)             in language  on input line 234.
Package babel Info: Redefining spanish shorthand "?
(babel)             in language  on input line 234.
[16]
Package atveryend Info: Empty hook `AfterLastShipout' on input line 234.
 (tt2013b017.aux
LaTeX Info: Redefining \. on input line 23.
LaTeX Info: Redefining \% on input line 23.
)
Package atveryend Info: Executing hook `AtVeryEndDocument' on input line 234.
Package atveryend Info: Executing hook `AtEndAfterFileList' on input line 234.
Package rerunfilecheck Info: File `tt2013b017.out' has not changed.
(rerunfilecheck)             Checksum: 6A69E2B71C15A9E2D0440EC51AD50298;1372.


LaTeX Font Warning: Some font shapes were not available, defaults substituted.


LaTeX Warning: There were multiply-defined labels.

Package atveryend Info: Empty hook `AtVeryVeryEnd' on input line 234.
 )
(\end occurred inside a group at level 1)

### simple group (level 1) entered at line 1061 ({)
### bottom level 
Here is how much of TeX's memory you used:
 11624 strings out of 493634
 167984 string characters out of 3134832
 291238 words of memory out of 3000000
 14680 multiletter control sequences out of 15000+200000
 11219 words of font info for 42 fonts, out of 3000000 for 9000
 1025 hyphenation exceptions out of 8191
 48i,16n,45p,1268b,3006s stack positions out of 5000i,500n,10000p,200000b,50000s
 <C:\Users\Carlos\AppData\Local\MiKTeX\2.9\fonts\pk\ljfour\publ
ic\cmbright\dpi600\cmtl10.pk> <C:\Users\Carlos\AppData\Local\MiKTeX\2.9\fonts\p
k\ljfour\public\cmbright\dpi375\cmbr8.pk> <C:\Users\Carlos\AppData\Local\MiKTeX
\2.9\fonts\pk\ljfour\public\cmbright\dpi600\cmbrsy10.pk> <C:\Users\Carlos\AppDa
ta\Local\MiKTeX\2.9\fonts\pk\ljfour\public\cmbright\dpi600\cmbr8.pk> <C:\Users\
Carlos\AppData\Local\MiKTeX\2.9\fonts\pk\ljfour\public\cmbright\dpi864\cmbr17.p
k> <C:\Users\Carlos\AppData\Local\MiKTeX\2.9\fonts\pk\ljfour\public\cmbright\dp
i525\cmbr8.pk> <C:\Users\Carlos\AppData\Local\MiKTeX\2.9\fonts\pk\ljfour\public
\cmbright\dpi600\cmbrsl10.pk> <C:\Users\Carlos\AppData\Local\MiKTeX\2.9\fonts\p
k\ljfour\public\cmbright\dpi864\cmbr10.pk> <C:\Users\Carlos\AppData\Local\MiKTe
X\2.9\fonts\pk\ljfour\public\cmbright\dpi600\cmbrbx10.pk> <C:\Users\Carlos\AppD
ata\Local\MiKTeX\2.9\fonts\pk\ljfour\public\cmbright\dpi600\cmbr10.pk> <C:\User
s\Carlos\AppData\Local\MiKTeX\2.9\fonts\pk\ljfour\public\cmbright\dpi720\cmbrbx
10.pk> <C:\Users\Carlos\AppData\Local\MiKTeX\2.9\fonts\pk\ljfour\public\cmbrigh
t\dpi720\cmbr10.pk> <C:\Users\Carlos\AppData\Local\MiKTeX\2.9\fonts\pk\ljfour\p
ublic\cmbright\dpi864\cmbrbx10.pk> <C:\Users\Carlos\AppData\Local\MiKTeX\2.9\fo
nts\pk\ljfour\public\cmbright\dpi1244\cmbrbx10.pk><C:/Users/Carlos/AppData/Loca
l/Programs/MiKTeX 2.9/fonts/type1/public/amsfonts/cm/cmr10.pfb>
Output written on tt2013b017.pdf (20 pages, 330127 bytes).
PDF statistics:
 668 PDF objects out of 1000 (max. 8388607)
 67 named destinations out of 1000 (max. 500000)
 199 words of extra memory for PDF output out of 10000 (max. 10000000)

